2022-12-21 17:36:07,129 - 
2022-12-21 17:36:07,129 - Entering EtlData utility
2022-12-21 17:36:07,129 -     Entering convert_namespace_to_dict
2022-12-21 17:36:07,129 -         Entering convert_namespace_to_dict
2022-12-21 17:36:07,130 -         Leaving convert_namespace_to_dict
2022-12-21 17:36:07,130 -         Entering convert_namespace_to_dict
2022-12-21 17:36:07,130 -         Leaving convert_namespace_to_dict
2022-12-21 17:36:07,130 -         Entering convert_namespace_to_dict
2022-12-21 17:36:07,130 -         Leaving convert_namespace_to_dict
2022-12-21 17:36:07,130 -         Entering convert_namespace_to_dict
2022-12-21 17:36:07,130 -         Leaving convert_namespace_to_dict
2022-12-21 17:36:07,130 -         Entering convert_namespace_to_dict
2022-12-21 17:36:07,130 -         Leaving convert_namespace_to_dict
2022-12-21 17:36:07,130 -     Leaving convert_namespace_to_dict
2022-12-21 17:36:07,130 -     Entering convert_namespace_to_dict
2022-12-21 17:36:07,130 -         Entering convert_namespace_to_dict
2022-12-21 17:36:07,130 -         Leaving convert_namespace_to_dict
2022-12-21 17:36:07,130 -         Entering convert_namespace_to_dict
2022-12-21 17:36:07,130 -             Entering convert_namespace_to_dict
2022-12-21 17:36:07,130 -                 Entering convert_namespace_to_dict
2022-12-21 17:36:07,130 -                 Leaving convert_namespace_to_dict
2022-12-21 17:36:07,130 -                 Entering convert_namespace_to_dict
2022-12-21 17:36:07,130 -                 Leaving convert_namespace_to_dict
2022-12-21 17:36:07,130 -             Leaving convert_namespace_to_dict
2022-12-21 17:36:07,130 -             Entering convert_namespace_to_dict
2022-12-21 17:36:07,130 -             Leaving convert_namespace_to_dict
2022-12-21 17:36:07,130 -         Leaving convert_namespace_to_dict
2022-12-21 17:36:07,130 -         Entering convert_namespace_to_dict
2022-12-21 17:36:07,130 -             Entering convert_namespace_to_dict
2022-12-21 17:36:07,130 -                 Entering convert_namespace_to_dict
2022-12-21 17:36:07,130 -                 Leaving convert_namespace_to_dict
2022-12-21 17:36:07,130 -                 Entering convert_namespace_to_dict
2022-12-21 17:36:07,130 -                 Leaving convert_namespace_to_dict
2022-12-21 17:36:07,130 -                 Entering convert_namespace_to_dict
2022-12-21 17:36:07,130 -                 Leaving convert_namespace_to_dict
2022-12-21 17:36:07,130 -                 Entering convert_namespace_to_dict
2022-12-21 17:36:07,130 -                 Leaving convert_namespace_to_dict
2022-12-21 17:36:07,130 -                 Entering convert_namespace_to_dict
2022-12-21 17:36:07,130 -                 Leaving convert_namespace_to_dict
2022-12-21 17:36:07,130 -                 Entering convert_namespace_to_dict
2022-12-21 17:36:07,130 -                 Leaving convert_namespace_to_dict
2022-12-21 17:36:07,130 -                 Entering convert_namespace_to_dict
2022-12-21 17:36:07,130 -                 Leaving convert_namespace_to_dict
2022-12-21 17:36:07,130 -             Leaving convert_namespace_to_dict
2022-12-21 17:36:07,131 -         Leaving convert_namespace_to_dict
2022-12-21 17:36:07,131 -         Entering convert_namespace_to_dict
2022-12-21 17:36:07,131 -             Entering convert_namespace_to_dict
2022-12-21 17:36:07,131 -                 Entering convert_namespace_to_dict
2022-12-21 17:36:07,131 -                 Leaving convert_namespace_to_dict
2022-12-21 17:36:07,131 -                 Entering convert_namespace_to_dict
2022-12-21 17:36:07,131 -                 Leaving convert_namespace_to_dict
2022-12-21 17:36:07,131 -             Leaving convert_namespace_to_dict
2022-12-21 17:36:07,131 -             Entering convert_namespace_to_dict
2022-12-21 17:36:07,131 -             Leaving convert_namespace_to_dict
2022-12-21 17:36:07,131 -         Leaving convert_namespace_to_dict
2022-12-21 17:36:07,131 -     Leaving convert_namespace_to_dict
2022-12-21 17:36:07,131 -     Entering run_transformation
2022-12-21 17:36:07,131 -         Entering eval_elem_mapping
2022-12-21 17:36:07,131 -         Leaving eval_elem_mapping
2022-12-21 17:36:07,131 -         Entering eval_elem_mapping
2022-12-21 17:36:07,131 -         Leaving eval_elem_mapping
2022-12-21 17:36:07,131 -         Entering eval_update_mapping
2022-12-21 17:36:07,131 -             Entering eval_elem_mapping
2022-12-21 17:36:07,131 -             Leaving eval_elem_mapping
2022-12-21 17:36:07,131 -         Leaving eval_update_mapping
2022-12-21 17:36:07,131 -         Entering read_feature
2022-12-21 17:36:07,131 -             Entering eval_elem_mapping
2022-12-21 17:36:07,131 -             Leaving eval_elem_mapping
2022-12-21 17:36:07,131 -             Entering eval_elem_mapping
2022-12-21 17:36:07,131 -             Leaving eval_elem_mapping
2022-12-21 17:36:07,131 -             Entering eval_elem_mapping
2022-12-21 17:36:07,131 -             Leaving eval_elem_mapping
2022-12-21 17:36:07,131 -             Entering eval_elem_mapping
2022-12-21 17:36:07,131 -             Leaving eval_elem_mapping
2022-12-21 17:36:07,131 -             Entering eval_elem_mapping
2022-12-21 17:36:07,131 -             Leaving eval_elem_mapping
2022-12-21 17:36:07,131 -             Entering eval_elem_mapping
2022-12-21 17:36:07,131 -             Leaving eval_elem_mapping
2022-12-21 17:36:07,131 -             Entering eval_elem_mapping
2022-12-21 17:36:07,131 -             Leaving eval_elem_mapping
2022-12-21 17:36:07,131 -             Entering read
2022-12-21 17:36:07,131 -                 Entering validate_path
2022-12-21 17:36:07,131 -                 Leaving validate_path
2022-12-21 17:36:07,326 - Zhuoran Ma records <421570> were read from </Users/zhuoranma/Downloads/fall2022py/data/zhuoranma_extraction_output.csv>
2022-12-21 17:36:07,326 -             Leaving read
2022-12-21 17:36:07,326 -             Entering eval_elem_mapping
2022-12-21 17:36:07,326 -             Leaving eval_elem_mapping
2022-12-21 17:36:07,326 -         Leaving read_feature
2022-12-21 17:36:07,326 -         Entering eval_elem_mapping
2022-12-21 17:36:07,326 -         Leaving eval_elem_mapping
2022-12-21 17:36:07,326 -         Entering eval_elem_mapping
2022-12-21 17:36:07,326 -         Leaving eval_elem_mapping
2022-12-21 17:36:07,326 -         Entering eval_update_mapping
2022-12-21 17:36:07,326 -             Entering eval_elem_mapping
2022-12-21 17:36:07,326 -             Leaving eval_elem_mapping
2022-12-21 17:36:07,326 -         Leaving eval_update_mapping
2022-12-21 17:36:07,326 -         Entering aggregate_feature
2022-12-21 17:36:07,327 -             Entering eval_elem_mapping
2022-12-21 17:36:07,327 -             Leaving eval_elem_mapping
2022-12-21 17:36:07,327 -             Entering eval_elem_mapping
2022-12-21 17:36:07,327 -             Leaving eval_elem_mapping
2022-12-21 17:36:07,327 -             Entering eval_elem_mapping
2022-12-21 17:36:07,327 -             Leaving eval_elem_mapping
2022-12-21 17:36:07,327 -             Entering eval_elem_mapping
2022-12-21 17:36:07,327 -             Leaving eval_elem_mapping
2022-12-21 17:36:07,357 -         Leaving aggregate_feature
2022-12-21 17:36:07,361 -         Entering eval_elem_mapping
2022-12-21 17:36:07,361 -         Leaving eval_elem_mapping
2022-12-21 17:36:07,361 -         Entering eval_elem_mapping
2022-12-21 17:36:07,361 -         Leaving eval_elem_mapping
2022-12-21 17:36:07,361 -         Entering eval_update_mapping
2022-12-21 17:36:07,361 -             Entering eval_elem_mapping
2022-12-21 17:36:07,361 -             Leaving eval_elem_mapping
2022-12-21 17:36:07,361 -         Leaving eval_update_mapping
2022-12-21 17:36:07,361 -         Entering write_feature
2022-12-21 17:36:07,361 -             Entering rearrange_feature
2022-12-21 17:36:07,361 -                 Entering eval_elem_mapping
2022-12-21 17:36:07,361 -                 Leaving eval_elem_mapping
2022-12-21 17:36:07,361 -                 Entering eval_elem_mapping
2022-12-21 17:36:07,361 -                 Leaving eval_elem_mapping
2022-12-21 17:36:07,361 -             Leaving rearrange_feature
2022-12-21 17:36:07,361 -             Entering eval_elem_mapping
2022-12-21 17:36:07,362 -             Leaving eval_elem_mapping
2022-12-21 17:36:07,362 -             Entering eval_elem_mapping
2022-12-21 17:36:07,362 -             Leaving eval_elem_mapping
2022-12-21 17:36:07,362 -             Entering eval_elem_mapping
2022-12-21 17:36:07,362 -             Leaving eval_elem_mapping
2022-12-21 17:36:07,362 -             Entering eval_elem_mapping
2022-12-21 17:36:07,362 -             Leaving eval_elem_mapping
2022-12-21 17:36:07,362 -             Entering eval_elem_mapping
2022-12-21 17:36:07,362 -             Leaving eval_elem_mapping
2022-12-21 17:36:07,362 -             Entering eval_elem_mapping
2022-12-21 17:36:07,362 -             Leaving eval_elem_mapping
2022-12-21 17:36:07,362 -             Entering eval_elem_mapping
2022-12-21 17:36:07,362 -             Leaving eval_elem_mapping
2022-12-21 17:36:07,362 -             Entering eval_elem_mapping
2022-12-21 17:36:07,362 -             Leaving eval_elem_mapping
2022-12-21 17:36:07,362 -             Entering write
2022-12-21 17:36:07,362 -                 Entering validate_path
2022-12-21 17:36:07,362 -                 Leaving validate_path
2022-12-21 17:36:07,362 -                 Entering path_new_mode
2022-12-21 17:36:07,362 -                 Leaving path_new_mode
2022-12-21 17:36:07,367 - Zhuoran Ma records <3331> were write to </Users/zhuoranma/Downloads/fall2022py/data/zhuoranma_transform_output_1.csv>
2022-12-21 17:36:07,367 -             Leaving write
2022-12-21 17:36:07,367 -         Leaving write_feature
2022-12-21 17:36:07,367 -     Leaving run_transformation
2022-12-21 17:36:07,367 - Leaving EtlData utility
2022-12-21 18:20:14,001 - 
2022-12-21 18:20:14,001 - Entering EtlData utility
2022-12-21 18:20:14,001 -     Entering convert_namespace_to_dict
2022-12-21 18:20:14,001 -         Entering convert_namespace_to_dict
2022-12-21 18:20:14,001 -         Leaving convert_namespace_to_dict
2022-12-21 18:20:14,001 -         Entering convert_namespace_to_dict
2022-12-21 18:20:14,001 -         Leaving convert_namespace_to_dict
2022-12-21 18:20:14,001 -         Entering convert_namespace_to_dict
2022-12-21 18:20:14,001 -         Leaving convert_namespace_to_dict
2022-12-21 18:20:14,002 -         Entering convert_namespace_to_dict
2022-12-21 18:20:14,002 -         Leaving convert_namespace_to_dict
2022-12-21 18:20:14,002 -         Entering convert_namespace_to_dict
2022-12-21 18:20:14,002 -         Leaving convert_namespace_to_dict
2022-12-21 18:20:14,002 -     Leaving convert_namespace_to_dict
2022-12-21 18:20:14,002 -     Entering convert_namespace_to_dict
2022-12-21 18:20:14,002 -         Entering convert_namespace_to_dict
2022-12-21 18:20:14,002 -         Leaving convert_namespace_to_dict
2022-12-21 18:20:14,002 -         Entering convert_namespace_to_dict
2022-12-21 18:20:14,002 -             Entering convert_namespace_to_dict
2022-12-21 18:20:14,002 -                 Entering convert_namespace_to_dict
2022-12-21 18:20:14,002 -                 Leaving convert_namespace_to_dict
2022-12-21 18:20:14,002 -                 Entering convert_namespace_to_dict
2022-12-21 18:20:14,002 -                 Leaving convert_namespace_to_dict
2022-12-21 18:20:14,002 -                 Entering convert_namespace_to_dict
2022-12-21 18:20:14,002 -                     Entering convert_namespace_to_dict
2022-12-21 18:20:14,002 -                     Leaving convert_namespace_to_dict
2022-12-21 18:20:14,002 -                     Entering convert_namespace_to_dict
2022-12-21 18:20:14,002 -                     Leaving convert_namespace_to_dict
2022-12-21 18:20:14,002 -                     Entering convert_namespace_to_dict
2022-12-21 18:20:14,002 -                     Leaving convert_namespace_to_dict
2022-12-21 18:20:14,002 -                     Entering convert_namespace_to_dict
2022-12-21 18:20:14,002 -                     Leaving convert_namespace_to_dict
2022-12-21 18:20:14,002 -                     Entering convert_namespace_to_dict
2022-12-21 18:20:14,002 -                     Leaving convert_namespace_to_dict
2022-12-21 18:20:14,002 -                 Leaving convert_namespace_to_dict
2022-12-21 18:20:14,002 -             Leaving convert_namespace_to_dict
2022-12-21 18:20:14,002 -             Entering convert_namespace_to_dict
2022-12-21 18:20:14,002 -             Leaving convert_namespace_to_dict
2022-12-21 18:20:14,002 -         Leaving convert_namespace_to_dict
2022-12-21 18:20:14,002 -         Entering convert_namespace_to_dict
2022-12-21 18:20:14,002 -             Entering convert_namespace_to_dict
2022-12-21 18:20:14,002 -                 Entering convert_namespace_to_dict
2022-12-21 18:20:14,002 -                 Leaving convert_namespace_to_dict
2022-12-21 18:20:14,002 -                 Entering convert_namespace_to_dict
2022-12-21 18:20:14,002 -                 Leaving convert_namespace_to_dict
2022-12-21 18:20:14,002 -                 Entering convert_namespace_to_dict
2022-12-21 18:20:14,002 -                 Leaving convert_namespace_to_dict
2022-12-21 18:20:14,002 -                 Entering convert_namespace_to_dict
2022-12-21 18:20:14,002 -                     Entering convert_namespace_to_dict
2022-12-21 18:20:14,002 -                     Leaving convert_namespace_to_dict
2022-12-21 18:20:14,002 -                     Entering convert_namespace_to_dict
2022-12-21 18:20:14,002 -                     Leaving convert_namespace_to_dict
2022-12-21 18:20:14,002 -                     Entering convert_namespace_to_dict
2022-12-21 18:20:14,002 -                     Leaving convert_namespace_to_dict
2022-12-21 18:20:14,002 -                 Leaving convert_namespace_to_dict
2022-12-21 18:20:14,002 -             Leaving convert_namespace_to_dict
2022-12-21 18:20:14,002 -             Entering convert_namespace_to_dict
2022-12-21 18:20:14,002 -             Leaving convert_namespace_to_dict
2022-12-21 18:20:14,002 -             Entering convert_namespace_to_dict
2022-12-21 18:20:14,002 -             Leaving convert_namespace_to_dict
2022-12-21 18:20:14,002 -             Entering convert_namespace_to_dict
2022-12-21 18:20:14,002 -             Leaving convert_namespace_to_dict
2022-12-21 18:20:14,002 -         Leaving convert_namespace_to_dict
2022-12-21 18:20:14,002 -         Entering convert_namespace_to_dict
2022-12-21 18:20:14,002 -             Entering convert_namespace_to_dict
2022-12-21 18:20:14,002 -                 Entering convert_namespace_to_dict
2022-12-21 18:20:14,003 -                 Leaving convert_namespace_to_dict
2022-12-21 18:20:14,003 -                 Entering convert_namespace_to_dict
2022-12-21 18:20:14,003 -                 Leaving convert_namespace_to_dict
2022-12-21 18:20:14,003 -                 Entering convert_namespace_to_dict
2022-12-21 18:20:14,003 -                     Entering convert_namespace_to_dict
2022-12-21 18:20:14,003 -                     Leaving convert_namespace_to_dict
2022-12-21 18:20:14,003 -                 Leaving convert_namespace_to_dict
2022-12-21 18:20:14,003 -                 Entering convert_namespace_to_dict
2022-12-21 18:20:14,003 -                 Leaving convert_namespace_to_dict
2022-12-21 18:20:14,003 -                 Entering convert_namespace_to_dict
2022-12-21 18:20:14,003 -                     Entering convert_namespace_to_dict
2022-12-21 18:20:14,003 -                     Leaving convert_namespace_to_dict
2022-12-21 18:20:14,003 -                     Entering convert_namespace_to_dict
2022-12-21 18:20:14,003 -                     Leaving convert_namespace_to_dict
2022-12-21 18:20:14,003 -                 Leaving convert_namespace_to_dict
2022-12-21 18:20:14,003 -             Leaving convert_namespace_to_dict
2022-12-21 18:20:14,003 -             Entering convert_namespace_to_dict
2022-12-21 18:20:14,003 -             Leaving convert_namespace_to_dict
2022-12-21 18:20:14,003 -         Leaving convert_namespace_to_dict
2022-12-21 18:20:14,003 -     Leaving convert_namespace_to_dict
2022-12-21 18:20:14,003 -     Entering run_extraction
2022-12-21 18:20:14,003 -         Entering eval_elem_mapping
2022-12-21 18:20:14,003 -         Leaving eval_elem_mapping
2022-12-21 18:20:14,003 -         Entering eval_elem_mapping
2022-12-21 18:20:14,003 -         Leaving eval_elem_mapping
2022-12-21 18:20:14,003 -         Entering eval_update_mapping
2022-12-21 18:20:14,003 -             Entering eval_elem_mapping
2022-12-21 18:20:14,003 -             Leaving eval_elem_mapping
2022-12-21 18:20:14,003 -         Leaving eval_update_mapping
2022-12-21 18:20:14,003 -         Entering read_feature
2022-12-21 18:20:14,003 -             Entering eval_elem_mapping
2022-12-21 18:20:14,003 -             Leaving eval_elem_mapping
2022-12-21 18:20:14,003 -             Entering eval_elem_mapping
2022-12-21 18:20:14,003 -             Leaving eval_elem_mapping
2022-12-21 18:20:14,003 -             Entering eval_elem_mapping
2022-12-21 18:20:14,003 -             Leaving eval_elem_mapping
2022-12-21 18:20:14,003 -             Entering eval_elem_mapping
2022-12-21 18:20:14,003 -             Leaving eval_elem_mapping
2022-12-21 18:20:14,003 -             Entering eval_elem_mapping
2022-12-21 18:20:14,003 -             Leaving eval_elem_mapping
2022-12-21 18:20:14,003 -             Entering eval_elem_mapping
2022-12-21 18:20:14,003 -             Leaving eval_elem_mapping
2022-12-21 18:20:14,003 -             Entering eval_elem_mapping
2022-12-21 18:20:14,003 -             Leaving eval_elem_mapping
2022-12-21 18:20:14,003 -             Entering read
2022-12-21 18:20:14,003 -                 Entering validate_path
2022-12-21 18:20:14,003 -                 Leaving validate_path
2022-12-21 18:20:14,095 - Zhuoran Ma records <421570> were read from </Users/zhuoranma/Downloads/fall2022py/data/zhuoranma_extraction_input.csv>
2022-12-21 18:20:14,095 -             Leaving read
2022-12-21 18:20:14,095 -             Entering eval_elem_mapping
2022-12-21 18:20:14,095 -             Leaving eval_elem_mapping
2022-12-21 18:20:14,095 -             Entering apply_dtype_feature
2022-12-21 18:20:14,141 -             Leaving apply_dtype_feature
2022-12-21 18:20:14,142 -         Leaving read_feature
2022-12-21 18:20:14,142 -         Entering eval_elem_mapping
2022-12-21 18:20:14,142 -         Leaving eval_elem_mapping
2022-12-21 18:20:14,142 -         Entering eval_elem_mapping
2022-12-21 18:20:14,142 -         Leaving eval_elem_mapping
2022-12-21 18:20:14,142 -         Entering eval_elem_mapping
2022-12-21 18:20:14,142 -         Leaving eval_elem_mapping
2022-12-21 18:20:14,142 -         Entering eval_update_mapping
2022-12-21 18:20:14,142 -             Entering eval_elem_mapping
2022-12-21 18:20:14,142 -             Leaving eval_elem_mapping
2022-12-21 18:20:14,142 -         Leaving eval_update_mapping
2022-12-21 18:20:14,142 -         Entering mapping_feature
2022-12-21 18:20:14,142 -             Entering read_feature
2022-12-21 18:20:14,142 -                 Entering eval_elem_mapping
2022-12-21 18:20:14,142 -                 Leaving eval_elem_mapping
2022-12-21 18:20:14,142 -                 Entering eval_elem_mapping
2022-12-21 18:20:14,142 -                 Leaving eval_elem_mapping
2022-12-21 18:20:14,142 -                 Entering eval_elem_mapping
2022-12-21 18:20:14,142 -                 Leaving eval_elem_mapping
2022-12-21 18:20:14,142 -                 Entering eval_elem_mapping
2022-12-21 18:20:14,142 -                 Leaving eval_elem_mapping
2022-12-21 18:20:14,142 -                 Entering eval_elem_mapping
2022-12-21 18:20:14,142 -                 Leaving eval_elem_mapping
2022-12-21 18:20:14,142 -                 Entering eval_elem_mapping
2022-12-21 18:20:14,142 -                 Leaving eval_elem_mapping
2022-12-21 18:20:14,142 -                 Entering eval_elem_mapping
2022-12-21 18:20:14,142 -                 Leaving eval_elem_mapping
2022-12-21 18:20:14,142 -                 Entering read
2022-12-21 18:20:14,142 -                     Entering validate_path
2022-12-21 18:20:14,143 -                     Leaving validate_path
2022-12-21 18:20:14,244 - Zhuoran Ma records <45> were read from </Users/zhuoranma/Downloads/fall2022py/data/zhuoranma_extraction_mapping.xlsx>
2022-12-21 18:20:14,244 -                 Leaving read
2022-12-21 18:20:14,244 -                 Entering eval_elem_mapping
2022-12-21 18:20:14,244 -                 Leaving eval_elem_mapping
2022-12-21 18:20:14,244 -                 Entering apply_dtype_feature
2022-12-21 18:20:14,245 -                 Leaving apply_dtype_feature
2022-12-21 18:20:14,245 -             Leaving read_feature
2022-12-21 18:20:14,245 -             Entering eval_elem_mapping
2022-12-21 18:20:14,245 -             Leaving eval_elem_mapping
2022-12-21 18:20:14,245 -             Entering eval_elem_mapping
2022-12-21 18:20:14,245 -             Leaving eval_elem_mapping
2022-12-21 18:20:14,285 -         Leaving mapping_feature
2022-12-21 18:20:14,287 -         Entering eval_elem_mapping
2022-12-21 18:20:14,287 -         Leaving eval_elem_mapping
2022-12-21 18:20:14,287 -         Entering eval_elem_mapping
2022-12-21 18:20:14,287 -         Leaving eval_elem_mapping
2022-12-21 18:20:14,287 -         Entering eval_update_mapping
2022-12-21 18:20:14,287 -             Entering eval_elem_mapping
2022-12-21 18:20:14,287 -             Leaving eval_elem_mapping
2022-12-21 18:20:14,287 -         Leaving eval_update_mapping
2022-12-21 18:20:14,287 -         Entering write_feature
2022-12-21 18:20:14,287 -             Entering rearrange_feature
2022-12-21 18:20:14,287 -                 Entering eval_elem_mapping
2022-12-21 18:20:14,287 -                 Leaving eval_elem_mapping
2022-12-21 18:20:14,294 -                 Entering eval_elem_mapping
2022-12-21 18:20:14,294 -                 Leaving eval_elem_mapping
2022-12-21 18:20:14,307 -             Leaving rearrange_feature
2022-12-21 18:20:14,307 -             Entering eval_elem_mapping
2022-12-21 18:20:14,307 -             Leaving eval_elem_mapping
2022-12-21 18:20:14,312 -             Entering eval_elem_mapping
2022-12-21 18:20:14,312 -             Leaving eval_elem_mapping
2022-12-21 18:20:14,312 -             Entering eval_elem_mapping
2022-12-21 18:20:14,312 -             Leaving eval_elem_mapping
2022-12-21 18:20:14,312 -             Entering eval_elem_mapping
2022-12-21 18:20:14,312 -             Leaving eval_elem_mapping
2022-12-21 18:20:14,312 -             Entering eval_elem_mapping
2022-12-21 18:20:14,312 -             Leaving eval_elem_mapping
2022-12-21 18:20:14,312 -             Entering eval_elem_mapping
2022-12-21 18:20:14,312 -             Leaving eval_elem_mapping
2022-12-21 18:20:14,312 -             Entering eval_elem_mapping
2022-12-21 18:20:14,312 -             Leaving eval_elem_mapping
2022-12-21 18:20:14,312 -             Entering eval_elem_mapping
2022-12-21 18:20:14,312 -             Leaving eval_elem_mapping
2022-12-21 18:20:14,312 -             Entering write
2022-12-21 18:20:14,312 - Leaving EtlData utility incomplete with errors
2022-12-21 18:38:00,603 - 
2022-12-21 18:38:00,603 - Entering EtlData utility
2022-12-21 18:38:00,603 -     Entering convert_namespace_to_dict
2022-12-21 18:38:00,603 -         Entering convert_namespace_to_dict
2022-12-21 18:38:00,603 -         Leaving convert_namespace_to_dict
2022-12-21 18:38:00,603 -         Entering convert_namespace_to_dict
2022-12-21 18:38:00,603 -         Leaving convert_namespace_to_dict
2022-12-21 18:38:00,603 -         Entering convert_namespace_to_dict
2022-12-21 18:38:00,603 -         Leaving convert_namespace_to_dict
2022-12-21 18:38:00,603 -         Entering convert_namespace_to_dict
2022-12-21 18:38:00,603 -         Leaving convert_namespace_to_dict
2022-12-21 18:38:00,603 -         Entering convert_namespace_to_dict
2022-12-21 18:38:00,603 -         Leaving convert_namespace_to_dict
2022-12-21 18:38:00,603 -     Leaving convert_namespace_to_dict
2022-12-21 18:38:00,603 -     Entering convert_namespace_to_dict
2022-12-21 18:38:00,603 -         Entering convert_namespace_to_dict
2022-12-21 18:38:00,603 -         Leaving convert_namespace_to_dict
2022-12-21 18:38:00,603 -         Entering convert_namespace_to_dict
2022-12-21 18:38:00,603 -             Entering convert_namespace_to_dict
2022-12-21 18:38:00,603 -                 Entering convert_namespace_to_dict
2022-12-21 18:38:00,603 -                 Leaving convert_namespace_to_dict
2022-12-21 18:38:00,603 -                 Entering convert_namespace_to_dict
2022-12-21 18:38:00,603 -                 Leaving convert_namespace_to_dict
2022-12-21 18:38:00,603 -                 Entering convert_namespace_to_dict
2022-12-21 18:38:00,603 -                     Entering convert_namespace_to_dict
2022-12-21 18:38:00,603 -                     Leaving convert_namespace_to_dict
2022-12-21 18:38:00,603 -                     Entering convert_namespace_to_dict
2022-12-21 18:38:00,603 -                     Leaving convert_namespace_to_dict
2022-12-21 18:38:00,603 -                     Entering convert_namespace_to_dict
2022-12-21 18:38:00,604 -                     Leaving convert_namespace_to_dict
2022-12-21 18:38:00,604 -                     Entering convert_namespace_to_dict
2022-12-21 18:38:00,604 -                     Leaving convert_namespace_to_dict
2022-12-21 18:38:00,604 -                     Entering convert_namespace_to_dict
2022-12-21 18:38:00,604 -                     Leaving convert_namespace_to_dict
2022-12-21 18:38:00,604 -                 Leaving convert_namespace_to_dict
2022-12-21 18:38:00,604 -             Leaving convert_namespace_to_dict
2022-12-21 18:38:00,604 -             Entering convert_namespace_to_dict
2022-12-21 18:38:00,604 -             Leaving convert_namespace_to_dict
2022-12-21 18:38:00,604 -         Leaving convert_namespace_to_dict
2022-12-21 18:38:00,604 -         Entering convert_namespace_to_dict
2022-12-21 18:38:00,604 -             Entering convert_namespace_to_dict
2022-12-21 18:38:00,604 -                 Entering convert_namespace_to_dict
2022-12-21 18:38:00,604 -                 Leaving convert_namespace_to_dict
2022-12-21 18:38:00,604 -                 Entering convert_namespace_to_dict
2022-12-21 18:38:00,604 -                 Leaving convert_namespace_to_dict
2022-12-21 18:38:00,604 -                 Entering convert_namespace_to_dict
2022-12-21 18:38:00,604 -                 Leaving convert_namespace_to_dict
2022-12-21 18:38:00,604 -                 Entering convert_namespace_to_dict
2022-12-21 18:38:00,604 -                     Entering convert_namespace_to_dict
2022-12-21 18:38:00,604 -                     Leaving convert_namespace_to_dict
2022-12-21 18:38:00,604 -                     Entering convert_namespace_to_dict
2022-12-21 18:38:00,604 -                     Leaving convert_namespace_to_dict
2022-12-21 18:38:00,604 -                     Entering convert_namespace_to_dict
2022-12-21 18:38:00,604 -                     Leaving convert_namespace_to_dict
2022-12-21 18:38:00,604 -                 Leaving convert_namespace_to_dict
2022-12-21 18:38:00,604 -             Leaving convert_namespace_to_dict
2022-12-21 18:38:00,604 -             Entering convert_namespace_to_dict
2022-12-21 18:38:00,604 -             Leaving convert_namespace_to_dict
2022-12-21 18:38:00,604 -             Entering convert_namespace_to_dict
2022-12-21 18:38:00,604 -             Leaving convert_namespace_to_dict
2022-12-21 18:38:00,604 -             Entering convert_namespace_to_dict
2022-12-21 18:38:00,604 -             Leaving convert_namespace_to_dict
2022-12-21 18:38:00,604 -         Leaving convert_namespace_to_dict
2022-12-21 18:38:00,604 -         Entering convert_namespace_to_dict
2022-12-21 18:38:00,604 -             Entering convert_namespace_to_dict
2022-12-21 18:38:00,604 -                 Entering convert_namespace_to_dict
2022-12-21 18:38:00,604 -                 Leaving convert_namespace_to_dict
2022-12-21 18:38:00,604 -                 Entering convert_namespace_to_dict
2022-12-21 18:38:00,604 -                 Leaving convert_namespace_to_dict
2022-12-21 18:38:00,604 -                 Entering convert_namespace_to_dict
2022-12-21 18:38:00,604 -                     Entering convert_namespace_to_dict
2022-12-21 18:38:00,604 -                     Leaving convert_namespace_to_dict
2022-12-21 18:38:00,604 -                 Leaving convert_namespace_to_dict
2022-12-21 18:38:00,604 -                 Entering convert_namespace_to_dict
2022-12-21 18:38:00,604 -                 Leaving convert_namespace_to_dict
2022-12-21 18:38:00,604 -                 Entering convert_namespace_to_dict
2022-12-21 18:38:00,604 -                     Entering convert_namespace_to_dict
2022-12-21 18:38:00,604 -                     Leaving convert_namespace_to_dict
2022-12-21 18:38:00,604 -                     Entering convert_namespace_to_dict
2022-12-21 18:38:00,604 -                     Leaving convert_namespace_to_dict
2022-12-21 18:38:00,604 -                 Leaving convert_namespace_to_dict
2022-12-21 18:38:00,604 -             Leaving convert_namespace_to_dict
2022-12-21 18:38:00,604 -             Entering convert_namespace_to_dict
2022-12-21 18:38:00,604 -             Leaving convert_namespace_to_dict
2022-12-21 18:38:00,604 -         Leaving convert_namespace_to_dict
2022-12-21 18:38:00,604 -     Leaving convert_namespace_to_dict
2022-12-21 18:38:00,604 -     Entering run_extraction
2022-12-21 18:38:00,604 -         Entering eval_elem_mapping
2022-12-21 18:38:00,604 -         Leaving eval_elem_mapping
2022-12-21 18:38:00,604 -         Entering eval_elem_mapping
2022-12-21 18:38:00,604 -         Leaving eval_elem_mapping
2022-12-21 18:38:00,604 -         Entering eval_update_mapping
2022-12-21 18:38:00,604 -             Entering eval_elem_mapping
2022-12-21 18:38:00,604 -             Leaving eval_elem_mapping
2022-12-21 18:38:00,605 -         Leaving eval_update_mapping
2022-12-21 18:38:00,605 -         Entering read_feature
2022-12-21 18:38:00,605 -             Entering eval_elem_mapping
2022-12-21 18:38:00,605 -             Leaving eval_elem_mapping
2022-12-21 18:38:00,605 -             Entering eval_elem_mapping
2022-12-21 18:38:00,605 -             Leaving eval_elem_mapping
2022-12-21 18:38:00,605 -             Entering eval_elem_mapping
2022-12-21 18:38:00,605 -             Leaving eval_elem_mapping
2022-12-21 18:38:00,605 -             Entering eval_elem_mapping
2022-12-21 18:38:00,605 -             Leaving eval_elem_mapping
2022-12-21 18:38:00,605 -             Entering eval_elem_mapping
2022-12-21 18:38:00,605 -             Leaving eval_elem_mapping
2022-12-21 18:38:00,605 -             Entering eval_elem_mapping
2022-12-21 18:38:00,605 -             Leaving eval_elem_mapping
2022-12-21 18:38:00,605 -             Entering eval_elem_mapping
2022-12-21 18:38:00,605 -             Leaving eval_elem_mapping
2022-12-21 18:38:00,605 -             Entering read
2022-12-21 18:38:00,605 -                 Entering validate_path
2022-12-21 18:38:00,605 -                 Leaving validate_path
2022-12-21 18:38:00,699 - Zhuoran Ma records <421570> were read from </Users/zhuoranma/Downloads/fall2022py/data/zhuoranma_extraction_input.csv>
2022-12-21 18:38:00,699 -             Leaving read
2022-12-21 18:38:00,699 -             Entering eval_elem_mapping
2022-12-21 18:38:00,699 -             Leaving eval_elem_mapping
2022-12-21 18:38:00,699 -             Entering apply_dtype_feature
2022-12-21 18:38:00,746 -             Leaving apply_dtype_feature
2022-12-21 18:38:00,746 -         Leaving read_feature
2022-12-21 18:38:00,746 -         Entering eval_elem_mapping
2022-12-21 18:38:00,746 -         Leaving eval_elem_mapping
2022-12-21 18:38:00,746 -         Entering eval_elem_mapping
2022-12-21 18:38:00,746 -         Leaving eval_elem_mapping
2022-12-21 18:38:00,746 -         Entering eval_elem_mapping
2022-12-21 18:38:00,746 -         Leaving eval_elem_mapping
2022-12-21 18:38:00,746 -         Entering eval_update_mapping
2022-12-21 18:38:00,746 -             Entering eval_elem_mapping
2022-12-21 18:38:00,746 -             Leaving eval_elem_mapping
2022-12-21 18:38:00,746 -         Leaving eval_update_mapping
2022-12-21 18:38:00,746 -         Entering mapping_feature
2022-12-21 18:38:00,746 -             Entering read_feature
2022-12-21 18:38:00,746 -                 Entering eval_elem_mapping
2022-12-21 18:38:00,746 -                 Leaving eval_elem_mapping
2022-12-21 18:38:00,746 -                 Entering eval_elem_mapping
2022-12-21 18:38:00,746 -                 Leaving eval_elem_mapping
2022-12-21 18:38:00,747 -                 Entering eval_elem_mapping
2022-12-21 18:38:00,747 -                 Leaving eval_elem_mapping
2022-12-21 18:38:00,747 -                 Entering eval_elem_mapping
2022-12-21 18:38:00,747 -                 Leaving eval_elem_mapping
2022-12-21 18:38:00,747 -                 Entering eval_elem_mapping
2022-12-21 18:38:00,747 -                 Leaving eval_elem_mapping
2022-12-21 18:38:00,747 -                 Entering eval_elem_mapping
2022-12-21 18:38:00,747 -                 Leaving eval_elem_mapping
2022-12-21 18:38:00,747 -                 Entering eval_elem_mapping
2022-12-21 18:38:00,747 -                 Leaving eval_elem_mapping
2022-12-21 18:38:00,747 -                 Entering read
2022-12-21 18:38:00,747 -                     Entering validate_path
2022-12-21 18:38:00,747 -                     Leaving validate_path
2022-12-21 18:38:00,835 - Zhuoran Ma records <45> were read from </Users/zhuoranma/Downloads/fall2022py/data/zhuoranma_extraction_mapping.xlsx>
2022-12-21 18:38:00,835 -                 Leaving read
2022-12-21 18:38:00,835 -                 Entering eval_elem_mapping
2022-12-21 18:38:00,836 -                 Leaving eval_elem_mapping
2022-12-21 18:38:00,836 -                 Entering apply_dtype_feature
2022-12-21 18:38:00,836 -                 Leaving apply_dtype_feature
2022-12-21 18:38:00,836 -             Leaving read_feature
2022-12-21 18:38:00,836 -             Entering eval_elem_mapping
2022-12-21 18:38:00,836 -             Leaving eval_elem_mapping
2022-12-21 18:38:00,836 -             Entering eval_elem_mapping
2022-12-21 18:38:00,836 -             Leaving eval_elem_mapping
2022-12-21 18:38:00,872 -         Leaving mapping_feature
2022-12-21 18:38:00,873 -         Entering eval_elem_mapping
2022-12-21 18:38:00,873 -         Leaving eval_elem_mapping
2022-12-21 18:38:00,873 -         Entering eval_elem_mapping
2022-12-21 18:38:00,873 -         Leaving eval_elem_mapping
2022-12-21 18:38:00,873 -         Entering eval_update_mapping
2022-12-21 18:38:00,873 -             Entering eval_elem_mapping
2022-12-21 18:38:00,873 -             Leaving eval_elem_mapping
2022-12-21 18:38:00,873 -         Leaving eval_update_mapping
2022-12-21 18:38:00,873 -         Entering write_feature
2022-12-21 18:38:00,873 -             Entering rearrange_feature
2022-12-21 18:38:00,873 -                 Entering eval_elem_mapping
2022-12-21 18:38:00,873 -                 Leaving eval_elem_mapping
2022-12-21 18:38:00,882 -                 Entering eval_elem_mapping
2022-12-21 18:38:00,882 -                 Leaving eval_elem_mapping
2022-12-21 18:38:00,890 -             Leaving rearrange_feature
2022-12-21 18:38:00,890 -             Entering eval_elem_mapping
2022-12-21 18:38:00,890 -             Leaving eval_elem_mapping
2022-12-21 18:38:00,895 -             Entering eval_elem_mapping
2022-12-21 18:38:00,895 -             Leaving eval_elem_mapping
2022-12-21 18:38:00,895 -             Entering eval_elem_mapping
2022-12-21 18:38:00,895 -             Leaving eval_elem_mapping
2022-12-21 18:38:00,895 -             Entering eval_elem_mapping
2022-12-21 18:38:00,895 -             Leaving eval_elem_mapping
2022-12-21 18:38:00,895 -             Entering eval_elem_mapping
2022-12-21 18:38:00,895 -             Leaving eval_elem_mapping
2022-12-21 18:38:00,895 -             Entering eval_elem_mapping
2022-12-21 18:38:00,895 -             Leaving eval_elem_mapping
2022-12-21 18:38:00,895 -             Entering eval_elem_mapping
2022-12-21 18:38:00,895 -             Leaving eval_elem_mapping
2022-12-21 18:38:00,895 -             Entering eval_elem_mapping
2022-12-21 18:38:00,895 -             Leaving eval_elem_mapping
2022-12-21 18:38:00,895 -             Entering write
2022-12-21 18:38:00,895 - Leaving EtlData utility incomplete with errors
2022-12-21 18:40:38,531 - 
2022-12-21 18:40:38,531 - Entering EtlData utility
2022-12-21 18:40:38,531 -     Entering convert_namespace_to_dict
2022-12-21 18:40:38,531 -         Entering convert_namespace_to_dict
2022-12-21 18:40:38,531 -         Leaving convert_namespace_to_dict
2022-12-21 18:40:38,531 -         Entering convert_namespace_to_dict
2022-12-21 18:40:38,531 -         Leaving convert_namespace_to_dict
2022-12-21 18:40:38,531 -         Entering convert_namespace_to_dict
2022-12-21 18:40:38,531 -         Leaving convert_namespace_to_dict
2022-12-21 18:40:38,531 -         Entering convert_namespace_to_dict
2022-12-21 18:40:38,531 -         Leaving convert_namespace_to_dict
2022-12-21 18:40:38,531 -         Entering convert_namespace_to_dict
2022-12-21 18:40:38,531 -         Leaving convert_namespace_to_dict
2022-12-21 18:40:38,531 -     Leaving convert_namespace_to_dict
2022-12-21 18:40:38,531 -     Entering convert_namespace_to_dict
2022-12-21 18:40:38,531 -         Entering convert_namespace_to_dict
2022-12-21 18:40:38,531 -         Leaving convert_namespace_to_dict
2022-12-21 18:40:38,531 -         Entering convert_namespace_to_dict
2022-12-21 18:40:38,531 -             Entering convert_namespace_to_dict
2022-12-21 18:40:38,531 -                 Entering convert_namespace_to_dict
2022-12-21 18:40:38,531 -                 Leaving convert_namespace_to_dict
2022-12-21 18:40:38,531 -                 Entering convert_namespace_to_dict
2022-12-21 18:40:38,531 -                 Leaving convert_namespace_to_dict
2022-12-21 18:40:38,531 -                 Entering convert_namespace_to_dict
2022-12-21 18:40:38,531 -                     Entering convert_namespace_to_dict
2022-12-21 18:40:38,531 -                     Leaving convert_namespace_to_dict
2022-12-21 18:40:38,531 -                     Entering convert_namespace_to_dict
2022-12-21 18:40:38,531 -                     Leaving convert_namespace_to_dict
2022-12-21 18:40:38,531 -                     Entering convert_namespace_to_dict
2022-12-21 18:40:38,531 -                     Leaving convert_namespace_to_dict
2022-12-21 18:40:38,531 -                     Entering convert_namespace_to_dict
2022-12-21 18:40:38,531 -                     Leaving convert_namespace_to_dict
2022-12-21 18:40:38,531 -                     Entering convert_namespace_to_dict
2022-12-21 18:40:38,531 -                     Leaving convert_namespace_to_dict
2022-12-21 18:40:38,531 -                 Leaving convert_namespace_to_dict
2022-12-21 18:40:38,531 -             Leaving convert_namespace_to_dict
2022-12-21 18:40:38,532 -             Entering convert_namespace_to_dict
2022-12-21 18:40:38,532 -             Leaving convert_namespace_to_dict
2022-12-21 18:40:38,532 -         Leaving convert_namespace_to_dict
2022-12-21 18:40:38,532 -         Entering convert_namespace_to_dict
2022-12-21 18:40:38,532 -             Entering convert_namespace_to_dict
2022-12-21 18:40:38,532 -                 Entering convert_namespace_to_dict
2022-12-21 18:40:38,532 -                 Leaving convert_namespace_to_dict
2022-12-21 18:40:38,532 -                 Entering convert_namespace_to_dict
2022-12-21 18:40:38,532 -                 Leaving convert_namespace_to_dict
2022-12-21 18:40:38,532 -                 Entering convert_namespace_to_dict
2022-12-21 18:40:38,532 -                 Leaving convert_namespace_to_dict
2022-12-21 18:40:38,532 -                 Entering convert_namespace_to_dict
2022-12-21 18:40:38,532 -                     Entering convert_namespace_to_dict
2022-12-21 18:40:38,532 -                     Leaving convert_namespace_to_dict
2022-12-21 18:40:38,532 -                     Entering convert_namespace_to_dict
2022-12-21 18:40:38,532 -                     Leaving convert_namespace_to_dict
2022-12-21 18:40:38,532 -                     Entering convert_namespace_to_dict
2022-12-21 18:40:38,532 -                     Leaving convert_namespace_to_dict
2022-12-21 18:40:38,532 -                 Leaving convert_namespace_to_dict
2022-12-21 18:40:38,532 -             Leaving convert_namespace_to_dict
2022-12-21 18:40:38,532 -             Entering convert_namespace_to_dict
2022-12-21 18:40:38,532 -             Leaving convert_namespace_to_dict
2022-12-21 18:40:38,532 -             Entering convert_namespace_to_dict
2022-12-21 18:40:38,532 -             Leaving convert_namespace_to_dict
2022-12-21 18:40:38,532 -             Entering convert_namespace_to_dict
2022-12-21 18:40:38,532 -             Leaving convert_namespace_to_dict
2022-12-21 18:40:38,532 -         Leaving convert_namespace_to_dict
2022-12-21 18:40:38,532 -         Entering convert_namespace_to_dict
2022-12-21 18:40:38,532 -             Entering convert_namespace_to_dict
2022-12-21 18:40:38,532 -                 Entering convert_namespace_to_dict
2022-12-21 18:40:38,532 -                 Leaving convert_namespace_to_dict
2022-12-21 18:40:38,532 -                 Entering convert_namespace_to_dict
2022-12-21 18:40:38,532 -                 Leaving convert_namespace_to_dict
2022-12-21 18:40:38,532 -                 Entering convert_namespace_to_dict
2022-12-21 18:40:38,532 -                     Entering convert_namespace_to_dict
2022-12-21 18:40:38,532 -                     Leaving convert_namespace_to_dict
2022-12-21 18:40:38,532 -                 Leaving convert_namespace_to_dict
2022-12-21 18:40:38,532 -                 Entering convert_namespace_to_dict
2022-12-21 18:40:38,532 -                 Leaving convert_namespace_to_dict
2022-12-21 18:40:38,532 -                 Entering convert_namespace_to_dict
2022-12-21 18:40:38,532 -                     Entering convert_namespace_to_dict
2022-12-21 18:40:38,532 -                     Leaving convert_namespace_to_dict
2022-12-21 18:40:38,532 -                     Entering convert_namespace_to_dict
2022-12-21 18:40:38,532 -                     Leaving convert_namespace_to_dict
2022-12-21 18:40:38,532 -                 Leaving convert_namespace_to_dict
2022-12-21 18:40:38,532 -             Leaving convert_namespace_to_dict
2022-12-21 18:40:38,532 -             Entering convert_namespace_to_dict
2022-12-21 18:40:38,532 -             Leaving convert_namespace_to_dict
2022-12-21 18:40:38,532 -         Leaving convert_namespace_to_dict
2022-12-21 18:40:38,532 -     Leaving convert_namespace_to_dict
2022-12-21 18:40:38,532 -     Entering run_extraction
2022-12-21 18:40:38,532 -         Entering eval_elem_mapping
2022-12-21 18:40:38,532 -         Leaving eval_elem_mapping
2022-12-21 18:40:38,532 -         Entering eval_elem_mapping
2022-12-21 18:40:38,532 -         Leaving eval_elem_mapping
2022-12-21 18:40:38,532 -         Entering eval_update_mapping
2022-12-21 18:40:38,532 -             Entering eval_elem_mapping
2022-12-21 18:40:38,532 -             Leaving eval_elem_mapping
2022-12-21 18:40:38,532 -         Leaving eval_update_mapping
2022-12-21 18:40:38,532 -         Entering read_feature
2022-12-21 18:40:38,532 -             Entering eval_elem_mapping
2022-12-21 18:40:38,532 -             Leaving eval_elem_mapping
2022-12-21 18:40:38,532 -             Entering eval_elem_mapping
2022-12-21 18:40:38,532 -             Leaving eval_elem_mapping
2022-12-21 18:40:38,532 -             Entering eval_elem_mapping
2022-12-21 18:40:38,532 -             Leaving eval_elem_mapping
2022-12-21 18:40:38,532 -             Entering eval_elem_mapping
2022-12-21 18:40:38,533 -             Leaving eval_elem_mapping
2022-12-21 18:40:38,533 -             Entering eval_elem_mapping
2022-12-21 18:40:38,533 -             Leaving eval_elem_mapping
2022-12-21 18:40:38,533 -             Entering eval_elem_mapping
2022-12-21 18:40:38,533 -             Leaving eval_elem_mapping
2022-12-21 18:40:38,533 -             Entering eval_elem_mapping
2022-12-21 18:40:38,533 -             Leaving eval_elem_mapping
2022-12-21 18:40:38,533 -             Entering read
2022-12-21 18:40:38,533 -                 Entering validate_path
2022-12-21 18:40:38,533 -                 Leaving validate_path
2022-12-21 18:40:38,626 - Zhuoran Ma records <421570> were read from </Users/zhuoranma/Downloads/fall2022py/data/zhuoranma_extraction_input.csv>
2022-12-21 18:40:38,626 -             Leaving read
2022-12-21 18:40:38,626 -             Entering eval_elem_mapping
2022-12-21 18:40:38,626 -             Leaving eval_elem_mapping
2022-12-21 18:40:38,626 -             Entering apply_dtype_feature
2022-12-21 18:40:38,666 -             Leaving apply_dtype_feature
2022-12-21 18:40:38,666 -         Leaving read_feature
2022-12-21 18:40:38,666 -         Entering eval_elem_mapping
2022-12-21 18:40:38,666 -         Leaving eval_elem_mapping
2022-12-21 18:40:38,666 -         Entering eval_elem_mapping
2022-12-21 18:40:38,666 -         Leaving eval_elem_mapping
2022-12-21 18:40:38,666 -         Entering eval_elem_mapping
2022-12-21 18:40:38,666 -         Leaving eval_elem_mapping
2022-12-21 18:40:38,666 -         Entering eval_update_mapping
2022-12-21 18:40:38,666 -             Entering eval_elem_mapping
2022-12-21 18:40:38,666 -             Leaving eval_elem_mapping
2022-12-21 18:40:38,666 -         Leaving eval_update_mapping
2022-12-21 18:40:38,666 -         Entering mapping_feature
2022-12-21 18:40:38,666 -             Entering read_feature
2022-12-21 18:40:38,666 -                 Entering eval_elem_mapping
2022-12-21 18:40:38,666 -                 Leaving eval_elem_mapping
2022-12-21 18:40:38,666 -                 Entering eval_elem_mapping
2022-12-21 18:40:38,666 -                 Leaving eval_elem_mapping
2022-12-21 18:40:38,666 -                 Entering eval_elem_mapping
2022-12-21 18:40:38,666 -                 Leaving eval_elem_mapping
2022-12-21 18:40:38,666 -                 Entering eval_elem_mapping
2022-12-21 18:40:38,666 -                 Leaving eval_elem_mapping
2022-12-21 18:40:38,667 -                 Entering eval_elem_mapping
2022-12-21 18:40:38,667 -                 Leaving eval_elem_mapping
2022-12-21 18:40:38,667 -                 Entering eval_elem_mapping
2022-12-21 18:40:38,667 -                 Leaving eval_elem_mapping
2022-12-21 18:40:38,667 -                 Entering eval_elem_mapping
2022-12-21 18:40:38,667 -                 Leaving eval_elem_mapping
2022-12-21 18:40:38,667 -                 Entering read
2022-12-21 18:40:38,667 -                     Entering validate_path
2022-12-21 18:40:38,667 -                     Leaving validate_path
2022-12-21 18:40:38,748 - Zhuoran Ma records <45> were read from </Users/zhuoranma/Downloads/fall2022py/data/zhuoranma_extraction_mapping.xlsx>
2022-12-21 18:40:38,748 -                 Leaving read
2022-12-21 18:40:38,749 -                 Entering eval_elem_mapping
2022-12-21 18:40:38,749 -                 Leaving eval_elem_mapping
2022-12-21 18:40:38,749 -                 Entering apply_dtype_feature
2022-12-21 18:40:38,749 -                 Leaving apply_dtype_feature
2022-12-21 18:40:38,749 -             Leaving read_feature
2022-12-21 18:40:38,749 -             Entering eval_elem_mapping
2022-12-21 18:40:38,749 -             Leaving eval_elem_mapping
2022-12-21 18:40:38,749 -             Entering eval_elem_mapping
2022-12-21 18:40:38,749 -             Leaving eval_elem_mapping
2022-12-21 18:40:38,779 -         Leaving mapping_feature
2022-12-21 18:40:38,779 -         Entering eval_elem_mapping
2022-12-21 18:40:38,779 -         Leaving eval_elem_mapping
2022-12-21 18:40:38,779 -         Entering eval_elem_mapping
2022-12-21 18:40:38,779 -         Leaving eval_elem_mapping
2022-12-21 18:40:38,779 -         Entering eval_update_mapping
2022-12-21 18:40:38,779 -             Entering eval_elem_mapping
2022-12-21 18:40:38,779 -             Leaving eval_elem_mapping
2022-12-21 18:40:38,779 -         Leaving eval_update_mapping
2022-12-21 18:40:38,779 -         Entering write_feature
2022-12-21 18:40:38,779 -             Entering rearrange_feature
2022-12-21 18:40:38,779 -                 Entering eval_elem_mapping
2022-12-21 18:40:38,779 -                 Leaving eval_elem_mapping
2022-12-21 18:40:38,785 -                 Entering eval_elem_mapping
2022-12-21 18:40:38,785 -                 Leaving eval_elem_mapping
2022-12-21 18:40:38,790 -             Leaving rearrange_feature
2022-12-21 18:40:38,791 -             Entering eval_elem_mapping
2022-12-21 18:40:38,791 -             Leaving eval_elem_mapping
2022-12-21 18:40:38,795 -             Entering eval_elem_mapping
2022-12-21 18:40:38,795 -             Leaving eval_elem_mapping
2022-12-21 18:40:38,795 -             Entering eval_elem_mapping
2022-12-21 18:40:38,795 -             Leaving eval_elem_mapping
2022-12-21 18:40:38,795 -             Entering eval_elem_mapping
2022-12-21 18:40:38,795 -             Leaving eval_elem_mapping
2022-12-21 18:40:38,795 -             Entering eval_elem_mapping
2022-12-21 18:40:38,795 -             Leaving eval_elem_mapping
2022-12-21 18:40:38,795 -             Entering eval_elem_mapping
2022-12-21 18:40:38,795 -             Leaving eval_elem_mapping
2022-12-21 18:40:38,795 -             Entering eval_elem_mapping
2022-12-21 18:40:38,795 -             Leaving eval_elem_mapping
2022-12-21 18:40:38,795 -             Entering eval_elem_mapping
2022-12-21 18:40:38,795 -             Leaving eval_elem_mapping
2022-12-21 18:40:38,795 -             Entering eval_elem_mapping
2022-12-21 18:40:38,795 -             Leaving eval_elem_mapping
2022-12-21 18:40:38,795 -             Entering write
2022-12-21 18:40:38,795 - Leaving EtlData utility incomplete with errors
2022-12-21 18:41:58,764 - 
2022-12-21 18:41:58,764 - Entering EtlData utility
2022-12-21 18:41:58,764 -     Entering convert_namespace_to_dict
2022-12-21 18:41:58,764 -         Entering convert_namespace_to_dict
2022-12-21 18:41:58,764 -         Leaving convert_namespace_to_dict
2022-12-21 18:41:58,764 -         Entering convert_namespace_to_dict
2022-12-21 18:41:58,764 -         Leaving convert_namespace_to_dict
2022-12-21 18:41:58,764 -         Entering convert_namespace_to_dict
2022-12-21 18:41:58,764 -         Leaving convert_namespace_to_dict
2022-12-21 18:41:58,764 -         Entering convert_namespace_to_dict
2022-12-21 18:41:58,764 -         Leaving convert_namespace_to_dict
2022-12-21 18:41:58,764 -         Entering convert_namespace_to_dict
2022-12-21 18:41:58,764 -         Leaving convert_namespace_to_dict
2022-12-21 18:41:58,764 -     Leaving convert_namespace_to_dict
2022-12-21 18:41:58,764 -     Entering convert_namespace_to_dict
2022-12-21 18:41:58,764 -         Entering convert_namespace_to_dict
2022-12-21 18:41:58,764 -         Leaving convert_namespace_to_dict
2022-12-21 18:41:58,764 -         Entering convert_namespace_to_dict
2022-12-21 18:41:58,764 -             Entering convert_namespace_to_dict
2022-12-21 18:41:58,764 -                 Entering convert_namespace_to_dict
2022-12-21 18:41:58,764 -                 Leaving convert_namespace_to_dict
2022-12-21 18:41:58,764 -                 Entering convert_namespace_to_dict
2022-12-21 18:41:58,764 -                 Leaving convert_namespace_to_dict
2022-12-21 18:41:58,764 -                 Entering convert_namespace_to_dict
2022-12-21 18:41:58,764 -                     Entering convert_namespace_to_dict
2022-12-21 18:41:58,764 -                     Leaving convert_namespace_to_dict
2022-12-21 18:41:58,764 -                     Entering convert_namespace_to_dict
2022-12-21 18:41:58,765 -                     Leaving convert_namespace_to_dict
2022-12-21 18:41:58,765 -                     Entering convert_namespace_to_dict
2022-12-21 18:41:58,765 -                     Leaving convert_namespace_to_dict
2022-12-21 18:41:58,765 -                     Entering convert_namespace_to_dict
2022-12-21 18:41:58,765 -                     Leaving convert_namespace_to_dict
2022-12-21 18:41:58,765 -                     Entering convert_namespace_to_dict
2022-12-21 18:41:58,765 -                     Leaving convert_namespace_to_dict
2022-12-21 18:41:58,765 -                 Leaving convert_namespace_to_dict
2022-12-21 18:41:58,765 -             Leaving convert_namespace_to_dict
2022-12-21 18:41:58,765 -             Entering convert_namespace_to_dict
2022-12-21 18:41:58,765 -             Leaving convert_namespace_to_dict
2022-12-21 18:41:58,765 -         Leaving convert_namespace_to_dict
2022-12-21 18:41:58,765 -         Entering convert_namespace_to_dict
2022-12-21 18:41:58,765 -             Entering convert_namespace_to_dict
2022-12-21 18:41:58,765 -                 Entering convert_namespace_to_dict
2022-12-21 18:41:58,765 -                 Leaving convert_namespace_to_dict
2022-12-21 18:41:58,765 -                 Entering convert_namespace_to_dict
2022-12-21 18:41:58,765 -                 Leaving convert_namespace_to_dict
2022-12-21 18:41:58,765 -                 Entering convert_namespace_to_dict
2022-12-21 18:41:58,765 -                 Leaving convert_namespace_to_dict
2022-12-21 18:41:58,765 -                 Entering convert_namespace_to_dict
2022-12-21 18:41:58,765 -                     Entering convert_namespace_to_dict
2022-12-21 18:41:58,765 -                     Leaving convert_namespace_to_dict
2022-12-21 18:41:58,765 -                     Entering convert_namespace_to_dict
2022-12-21 18:41:58,765 -                     Leaving convert_namespace_to_dict
2022-12-21 18:41:58,765 -                     Entering convert_namespace_to_dict
2022-12-21 18:41:58,765 -                     Leaving convert_namespace_to_dict
2022-12-21 18:41:58,765 -                 Leaving convert_namespace_to_dict
2022-12-21 18:41:58,765 -             Leaving convert_namespace_to_dict
2022-12-21 18:41:58,765 -             Entering convert_namespace_to_dict
2022-12-21 18:41:58,765 -             Leaving convert_namespace_to_dict
2022-12-21 18:41:58,765 -             Entering convert_namespace_to_dict
2022-12-21 18:41:58,765 -             Leaving convert_namespace_to_dict
2022-12-21 18:41:58,765 -             Entering convert_namespace_to_dict
2022-12-21 18:41:58,765 -             Leaving convert_namespace_to_dict
2022-12-21 18:41:58,765 -         Leaving convert_namespace_to_dict
2022-12-21 18:41:58,765 -         Entering convert_namespace_to_dict
2022-12-21 18:41:58,765 -             Entering convert_namespace_to_dict
2022-12-21 18:41:58,765 -                 Entering convert_namespace_to_dict
2022-12-21 18:41:58,765 -                 Leaving convert_namespace_to_dict
2022-12-21 18:41:58,765 -                 Entering convert_namespace_to_dict
2022-12-21 18:41:58,765 -                 Leaving convert_namespace_to_dict
2022-12-21 18:41:58,765 -                 Entering convert_namespace_to_dict
2022-12-21 18:41:58,765 -                     Entering convert_namespace_to_dict
2022-12-21 18:41:58,765 -                     Leaving convert_namespace_to_dict
2022-12-21 18:41:58,765 -                 Leaving convert_namespace_to_dict
2022-12-21 18:41:58,765 -                 Entering convert_namespace_to_dict
2022-12-21 18:41:58,765 -                 Leaving convert_namespace_to_dict
2022-12-21 18:41:58,765 -                 Entering convert_namespace_to_dict
2022-12-21 18:41:58,765 -                     Entering convert_namespace_to_dict
2022-12-21 18:41:58,765 -                     Leaving convert_namespace_to_dict
2022-12-21 18:41:58,765 -                     Entering convert_namespace_to_dict
2022-12-21 18:41:58,765 -                     Leaving convert_namespace_to_dict
2022-12-21 18:41:58,765 -                 Leaving convert_namespace_to_dict
2022-12-21 18:41:58,765 -             Leaving convert_namespace_to_dict
2022-12-21 18:41:58,765 -             Entering convert_namespace_to_dict
2022-12-21 18:41:58,765 -             Leaving convert_namespace_to_dict
2022-12-21 18:41:58,765 -         Leaving convert_namespace_to_dict
2022-12-21 18:41:58,765 -     Leaving convert_namespace_to_dict
2022-12-21 18:41:58,765 -     Entering run_extraction
2022-12-21 18:41:58,765 -         Entering eval_elem_mapping
2022-12-21 18:41:58,765 -         Leaving eval_elem_mapping
2022-12-21 18:41:58,765 -         Entering eval_elem_mapping
2022-12-21 18:41:58,765 -         Leaving eval_elem_mapping
2022-12-21 18:41:58,765 -         Entering eval_update_mapping
2022-12-21 18:41:58,765 -             Entering eval_elem_mapping
2022-12-21 18:41:58,765 -             Leaving eval_elem_mapping
2022-12-21 18:41:58,765 -         Leaving eval_update_mapping
2022-12-21 18:41:58,765 -         Entering read_feature
2022-12-21 18:41:58,766 -             Entering eval_elem_mapping
2022-12-21 18:41:58,766 -             Leaving eval_elem_mapping
2022-12-21 18:41:58,766 -             Entering eval_elem_mapping
2022-12-21 18:41:58,766 -             Leaving eval_elem_mapping
2022-12-21 18:41:58,766 -             Entering eval_elem_mapping
2022-12-21 18:41:58,766 -             Leaving eval_elem_mapping
2022-12-21 18:41:58,766 -             Entering eval_elem_mapping
2022-12-21 18:41:58,766 -             Leaving eval_elem_mapping
2022-12-21 18:41:58,766 -             Entering eval_elem_mapping
2022-12-21 18:41:58,766 -             Leaving eval_elem_mapping
2022-12-21 18:41:58,766 -             Entering eval_elem_mapping
2022-12-21 18:41:58,766 -             Leaving eval_elem_mapping
2022-12-21 18:41:58,766 -             Entering eval_elem_mapping
2022-12-21 18:41:58,766 -             Leaving eval_elem_mapping
2022-12-21 18:41:58,766 -             Entering read
2022-12-21 18:41:58,766 -                 Entering validate_path
2022-12-21 18:41:58,766 -                 Leaving validate_path
2022-12-21 18:41:58,863 - Zhuoran Ma records <421570> were read from </Users/zhuoranma/Downloads/fall2022py/data/zhuoranma_extraction_input.csv>
2022-12-21 18:41:58,864 -             Leaving read
2022-12-21 18:41:58,864 -             Entering eval_elem_mapping
2022-12-21 18:41:58,864 -             Leaving eval_elem_mapping
2022-12-21 18:41:58,864 -             Entering apply_dtype_feature
2022-12-21 18:41:58,899 -             Leaving apply_dtype_feature
2022-12-21 18:41:58,899 -         Leaving read_feature
2022-12-21 18:41:58,899 -         Entering eval_elem_mapping
2022-12-21 18:41:58,899 -         Leaving eval_elem_mapping
2022-12-21 18:41:58,899 -         Entering eval_elem_mapping
2022-12-21 18:41:58,899 -         Leaving eval_elem_mapping
2022-12-21 18:41:58,899 -         Entering eval_elem_mapping
2022-12-21 18:41:58,899 -         Leaving eval_elem_mapping
2022-12-21 18:41:58,899 -         Entering eval_update_mapping
2022-12-21 18:41:58,899 -             Entering eval_elem_mapping
2022-12-21 18:41:58,899 -             Leaving eval_elem_mapping
2022-12-21 18:41:58,899 -         Leaving eval_update_mapping
2022-12-21 18:41:58,899 -         Entering mapping_feature
2022-12-21 18:41:58,899 -             Entering read_feature
2022-12-21 18:41:58,899 -                 Entering eval_elem_mapping
2022-12-21 18:41:58,899 -                 Leaving eval_elem_mapping
2022-12-21 18:41:58,899 -                 Entering eval_elem_mapping
2022-12-21 18:41:58,899 -                 Leaving eval_elem_mapping
2022-12-21 18:41:58,899 -                 Entering eval_elem_mapping
2022-12-21 18:41:58,899 -                 Leaving eval_elem_mapping
2022-12-21 18:41:58,899 -                 Entering eval_elem_mapping
2022-12-21 18:41:58,899 -                 Leaving eval_elem_mapping
2022-12-21 18:41:58,899 -                 Entering eval_elem_mapping
2022-12-21 18:41:58,899 -                 Leaving eval_elem_mapping
2022-12-21 18:41:58,899 -                 Entering eval_elem_mapping
2022-12-21 18:41:58,899 -                 Leaving eval_elem_mapping
2022-12-21 18:41:58,899 -                 Entering eval_elem_mapping
2022-12-21 18:41:58,899 -                 Leaving eval_elem_mapping
2022-12-21 18:41:58,899 -                 Entering read
2022-12-21 18:41:58,899 -                     Entering validate_path
2022-12-21 18:41:58,899 -                     Leaving validate_path
2022-12-21 18:41:58,976 - Zhuoran Ma records <45> were read from </Users/zhuoranma/Downloads/fall2022py/data/zhuoranma_extraction_mapping.xlsx>
2022-12-21 18:41:58,976 -                 Leaving read
2022-12-21 18:41:58,976 -                 Entering eval_elem_mapping
2022-12-21 18:41:58,976 -                 Leaving eval_elem_mapping
2022-12-21 18:41:58,976 -                 Entering apply_dtype_feature
2022-12-21 18:41:58,977 -                 Leaving apply_dtype_feature
2022-12-21 18:41:58,977 -             Leaving read_feature
2022-12-21 18:41:58,977 -             Entering eval_elem_mapping
2022-12-21 18:41:58,977 -             Leaving eval_elem_mapping
2022-12-21 18:41:58,977 -             Entering eval_elem_mapping
2022-12-21 18:41:58,977 -             Leaving eval_elem_mapping
2022-12-21 18:41:59,007 -         Leaving mapping_feature
2022-12-21 18:41:59,008 -         Entering eval_elem_mapping
2022-12-21 18:41:59,008 -         Leaving eval_elem_mapping
2022-12-21 18:41:59,008 -         Entering eval_elem_mapping
2022-12-21 18:41:59,008 -         Leaving eval_elem_mapping
2022-12-21 18:41:59,008 -         Entering eval_update_mapping
2022-12-21 18:41:59,008 -             Entering eval_elem_mapping
2022-12-21 18:41:59,008 -             Leaving eval_elem_mapping
2022-12-21 18:41:59,008 -         Leaving eval_update_mapping
2022-12-21 18:41:59,008 -         Entering write_feature
2022-12-21 18:41:59,008 -             Entering rearrange_feature
2022-12-21 18:41:59,008 -                 Entering eval_elem_mapping
2022-12-21 18:41:59,008 -                 Leaving eval_elem_mapping
2022-12-21 18:41:59,014 -                 Entering eval_elem_mapping
2022-12-21 18:41:59,014 -                 Leaving eval_elem_mapping
2022-12-21 18:41:59,022 -             Leaving rearrange_feature
2022-12-21 18:41:59,023 -             Entering eval_elem_mapping
2022-12-21 18:41:59,023 -             Leaving eval_elem_mapping
2022-12-21 18:41:59,027 -             Entering eval_elem_mapping
2022-12-21 18:41:59,027 -             Leaving eval_elem_mapping
2022-12-21 18:41:59,027 -             Entering eval_elem_mapping
2022-12-21 18:41:59,027 -             Leaving eval_elem_mapping
2022-12-21 18:41:59,027 -             Entering eval_elem_mapping
2022-12-21 18:41:59,027 -             Leaving eval_elem_mapping
2022-12-21 18:41:59,027 -             Entering eval_elem_mapping
2022-12-21 18:41:59,027 -             Leaving eval_elem_mapping
2022-12-21 18:41:59,027 -             Entering eval_elem_mapping
2022-12-21 18:41:59,027 -             Leaving eval_elem_mapping
2022-12-21 18:41:59,027 -             Entering eval_elem_mapping
2022-12-21 18:41:59,027 -             Leaving eval_elem_mapping
2022-12-21 18:41:59,027 -             Entering eval_elem_mapping
2022-12-21 18:41:59,027 -             Leaving eval_elem_mapping
2022-12-21 18:41:59,027 -             Entering eval_elem_mapping
2022-12-21 18:41:59,027 -             Leaving eval_elem_mapping
2022-12-21 18:41:59,027 -             Entering write
2022-12-21 18:41:59,027 -                 Entering validate_path
2022-12-21 18:41:59,027 -                 Leaving validate_path
2022-12-21 18:41:59,027 -                 Entering path_new_mode
2022-12-21 18:41:59,027 -                 Leaving path_new_mode
2022-12-21 18:42:00,063 - Zhuoran Ma records <421570> were write to </Users/zhuoranma/Downloads/fall2022py/data/zhuoranma_extraction_output_1.csv>
2022-12-21 18:42:00,063 -             Leaving write
2022-12-21 18:42:00,067 -         Leaving write_feature
2022-12-21 18:42:00,067 -     Leaving run_extraction
2022-12-21 18:42:00,068 - Leaving EtlData utility
