2022-12-19 13:24:07,848 - 
2022-12-19 13:24:07,848 - Entering EtlData utility
2022-12-19 13:24:07,848 -     Entering convert_namespace_to_dict
2022-12-19 13:24:07,848 -         Entering convert_namespace_to_dict
2022-12-19 13:24:07,848 -         Leaving convert_namespace_to_dict
2022-12-19 13:24:07,848 -         Entering convert_namespace_to_dict
2022-12-19 13:24:07,848 -         Leaving convert_namespace_to_dict
2022-12-19 13:24:07,848 -         Entering convert_namespace_to_dict
2022-12-19 13:24:07,848 -         Leaving convert_namespace_to_dict
2022-12-19 13:24:07,848 -         Entering convert_namespace_to_dict
2022-12-19 13:24:07,848 -         Leaving convert_namespace_to_dict
2022-12-19 13:24:07,848 -         Entering convert_namespace_to_dict
2022-12-19 13:24:07,848 -         Leaving convert_namespace_to_dict
2022-12-19 13:24:07,848 -     Leaving convert_namespace_to_dict
2022-12-19 13:24:07,848 -     Entering convert_namespace_to_dict
2022-12-19 13:24:07,848 -         Entering convert_namespace_to_dict
2022-12-19 13:24:07,848 -         Leaving convert_namespace_to_dict
2022-12-19 13:24:07,848 -         Entering convert_namespace_to_dict
2022-12-19 13:24:07,848 -             Entering convert_namespace_to_dict
2022-12-19 13:24:07,848 -                 Entering convert_namespace_to_dict
2022-12-19 13:24:07,848 -                 Leaving convert_namespace_to_dict
2022-12-19 13:24:07,848 -                 Entering convert_namespace_to_dict
2022-12-19 13:24:07,848 -                 Leaving convert_namespace_to_dict
2022-12-19 13:24:07,848 -             Leaving convert_namespace_to_dict
2022-12-19 13:24:07,848 -             Entering convert_namespace_to_dict
2022-12-19 13:24:07,848 -             Leaving convert_namespace_to_dict
2022-12-19 13:24:07,848 -         Leaving convert_namespace_to_dict
2022-12-19 13:24:07,848 -         Entering convert_namespace_to_dict
2022-12-19 13:24:07,848 -             Entering convert_namespace_to_dict
2022-12-19 13:24:07,848 -                 Entering convert_namespace_to_dict
2022-12-19 13:24:07,848 -                 Leaving convert_namespace_to_dict
2022-12-19 13:24:07,848 -                 Entering convert_namespace_to_dict
2022-12-19 13:24:07,848 -                 Leaving convert_namespace_to_dict
2022-12-19 13:24:07,848 -                 Entering convert_namespace_to_dict
2022-12-19 13:24:07,848 -                 Leaving convert_namespace_to_dict
2022-12-19 13:24:07,848 -                 Entering convert_namespace_to_dict
2022-12-19 13:24:07,848 -                 Leaving convert_namespace_to_dict
2022-12-19 13:24:07,848 -                 Entering convert_namespace_to_dict
2022-12-19 13:24:07,848 -                 Leaving convert_namespace_to_dict
2022-12-19 13:24:07,848 -                 Entering convert_namespace_to_dict
2022-12-19 13:24:07,848 -                 Leaving convert_namespace_to_dict
2022-12-19 13:24:07,848 -                 Entering convert_namespace_to_dict
2022-12-19 13:24:07,848 -                 Leaving convert_namespace_to_dict
2022-12-19 13:24:07,849 -             Leaving convert_namespace_to_dict
2022-12-19 13:24:07,849 -         Leaving convert_namespace_to_dict
2022-12-19 13:24:07,849 -         Entering convert_namespace_to_dict
2022-12-19 13:24:07,849 -             Entering convert_namespace_to_dict
2022-12-19 13:24:07,849 -                 Entering convert_namespace_to_dict
2022-12-19 13:24:07,849 -                 Leaving convert_namespace_to_dict
2022-12-19 13:24:07,849 -                 Entering convert_namespace_to_dict
2022-12-19 13:24:07,849 -                 Leaving convert_namespace_to_dict
2022-12-19 13:24:07,849 -                 Entering convert_namespace_to_dict
2022-12-19 13:24:07,849 -                     Entering convert_namespace_to_dict
2022-12-19 13:24:07,849 -                     Leaving convert_namespace_to_dict
2022-12-19 13:24:07,849 -                 Leaving convert_namespace_to_dict
2022-12-19 13:24:07,849 -                 Entering convert_namespace_to_dict
2022-12-19 13:24:07,849 -                 Leaving convert_namespace_to_dict
2022-12-19 13:24:07,849 -             Leaving convert_namespace_to_dict
2022-12-19 13:24:07,849 -             Entering convert_namespace_to_dict
2022-12-19 13:24:07,849 -             Leaving convert_namespace_to_dict
2022-12-19 13:24:07,849 -         Leaving convert_namespace_to_dict
2022-12-19 13:24:07,849 -     Leaving convert_namespace_to_dict
2022-12-19 13:24:07,849 -     Entering run_transformation
2022-12-19 13:24:07,849 -         Entering eval_elem_mapping
2022-12-19 13:24:07,849 -         Leaving eval_elem_mapping
2022-12-19 13:24:07,849 -         Entering eval_elem_mapping
2022-12-19 13:24:07,849 -         Leaving eval_elem_mapping
2022-12-19 13:24:07,849 -         Entering eval_update_mapping
2022-12-19 13:24:07,849 -             Entering eval_elem_mapping
2022-12-19 13:24:07,849 -             Leaving eval_elem_mapping
2022-12-19 13:24:07,849 -         Leaving eval_update_mapping
2022-12-19 13:24:07,849 -         Entering read_feature
2022-12-19 13:24:07,849 -             Entering eval_elem_mapping
2022-12-19 13:24:07,849 -             Leaving eval_elem_mapping
2022-12-19 13:24:07,849 -             Entering eval_elem_mapping
2022-12-19 13:24:07,849 -             Leaving eval_elem_mapping
2022-12-19 13:24:07,849 -             Entering eval_elem_mapping
2022-12-19 13:24:07,849 -             Leaving eval_elem_mapping
2022-12-19 13:24:07,849 -             Entering eval_elem_mapping
2022-12-19 13:24:07,849 -             Leaving eval_elem_mapping
2022-12-19 13:24:07,849 -             Entering eval_elem_mapping
2022-12-19 13:24:07,849 -             Leaving eval_elem_mapping
2022-12-19 13:24:07,849 -             Entering eval_elem_mapping
2022-12-19 13:24:07,849 -             Leaving eval_elem_mapping
2022-12-19 13:24:07,849 -             Entering eval_elem_mapping
2022-12-19 13:24:07,849 -             Leaving eval_elem_mapping
2022-12-19 13:24:07,849 -             Entering read
2022-12-19 13:24:07,849 -                 Entering validate_path
2022-12-19 13:24:07,849 -                 Leaving validate_path
2022-12-19 13:24:07,852 - Zhuoran Ma records <3331> were read from </Users/zhuoranma/Downloads/fall2022py/data/zhuoranma_transform_output.csv>
2022-12-19 13:24:07,852 -             Leaving read
2022-12-19 13:24:07,852 -             Entering eval_elem_mapping
2022-12-19 13:24:07,852 -             Leaving eval_elem_mapping
2022-12-19 13:24:07,852 -         Leaving read_feature
2022-12-19 13:24:07,852 -         Entering eval_elem_mapping
2022-12-19 13:24:07,852 -         Leaving eval_elem_mapping
2022-12-19 13:24:07,852 -         Entering eval_elem_mapping
2022-12-19 13:24:07,852 -         Leaving eval_elem_mapping
2022-12-19 13:24:07,852 -         Entering eval_update_mapping
2022-12-19 13:24:07,852 -             Entering eval_elem_mapping
2022-12-19 13:24:07,852 -             Leaving eval_elem_mapping
2022-12-19 13:24:07,852 -         Leaving eval_update_mapping
2022-12-19 13:24:07,852 -         Entering aggregate_feature
2022-12-19 13:24:07,852 -             Entering eval_elem_mapping
2022-12-19 13:24:07,852 -             Leaving eval_elem_mapping
2022-12-19 13:24:07,852 -             Entering eval_elem_mapping
2022-12-19 13:24:07,852 -             Leaving eval_elem_mapping
2022-12-19 13:24:07,852 -             Entering eval_elem_mapping
2022-12-19 13:24:07,852 -             Leaving eval_elem_mapping
2022-12-19 13:24:07,852 -             Entering eval_elem_mapping
2022-12-19 13:24:07,852 -             Leaving eval_elem_mapping
2022-12-19 13:24:07,856 -         Leaving aggregate_feature
2022-12-19 13:24:07,856 -         Entering eval_elem_mapping
2022-12-19 13:24:07,856 -         Leaving eval_elem_mapping
2022-12-19 13:24:07,856 -         Entering eval_elem_mapping
2022-12-19 13:24:07,856 -         Leaving eval_elem_mapping
2022-12-19 13:24:07,856 -         Entering eval_update_mapping
2022-12-19 13:24:07,856 -             Entering eval_elem_mapping
2022-12-19 13:24:07,856 -             Leaving eval_elem_mapping
2022-12-19 13:24:07,856 -         Leaving eval_update_mapping
2022-12-19 13:24:07,856 -         Entering write_feature
2022-12-19 13:24:07,856 -             Entering rearrange_feature
2022-12-19 13:24:07,856 -                 Entering eval_elem_mapping
2022-12-19 13:24:07,856 -                 Leaving eval_elem_mapping
2022-12-19 13:24:07,856 -                 Entering eval_elem_mapping
2022-12-19 13:24:07,856 -                 Leaving eval_elem_mapping
2022-12-19 13:24:07,857 -             Leaving rearrange_feature
2022-12-19 13:24:07,857 -             Entering eval_elem_mapping
2022-12-19 13:24:07,857 -             Leaving eval_elem_mapping
2022-12-19 13:24:07,857 -             Entering eval_elem_mapping
2022-12-19 13:24:07,857 -             Leaving eval_elem_mapping
2022-12-19 13:24:07,857 -             Entering eval_elem_mapping
2022-12-19 13:24:07,857 -             Leaving eval_elem_mapping
2022-12-19 13:24:07,857 -             Entering eval_elem_mapping
2022-12-19 13:24:07,857 -             Leaving eval_elem_mapping
2022-12-19 13:24:07,857 -             Entering eval_elem_mapping
2022-12-19 13:24:07,857 -             Leaving eval_elem_mapping
2022-12-19 13:24:07,857 -             Entering eval_elem_mapping
2022-12-19 13:24:07,857 -             Leaving eval_elem_mapping
2022-12-19 13:24:07,857 -             Entering eval_elem_mapping
2022-12-19 13:24:07,857 -             Leaving eval_elem_mapping
2022-12-19 13:24:07,857 -             Entering eval_elem_mapping
2022-12-19 13:24:07,857 -             Leaving eval_elem_mapping
2022-12-19 13:24:07,857 -             Entering write
2022-12-19 13:24:07,857 -                 Entering validate_path
2022-12-19 13:24:07,857 -                 Leaving validate_path
2022-12-19 13:24:07,857 -                 Entering path_new_mode
2022-12-19 13:24:07,857 -                 Leaving path_new_mode
2022-12-19 13:24:07,858 - Leaving EtlData utility incomplete with errors
2022-12-19 13:26:54,475 - 
2022-12-19 13:26:54,475 - Entering EtlData utility
2022-12-19 13:26:54,475 -     Entering convert_namespace_to_dict
2022-12-19 13:26:54,475 -         Entering convert_namespace_to_dict
2022-12-19 13:26:54,475 -         Leaving convert_namespace_to_dict
2022-12-19 13:26:54,475 -         Entering convert_namespace_to_dict
2022-12-19 13:26:54,476 -         Leaving convert_namespace_to_dict
2022-12-19 13:26:54,476 -         Entering convert_namespace_to_dict
2022-12-19 13:26:54,476 -         Leaving convert_namespace_to_dict
2022-12-19 13:26:54,476 -         Entering convert_namespace_to_dict
2022-12-19 13:26:54,476 -         Leaving convert_namespace_to_dict
2022-12-19 13:26:54,476 -         Entering convert_namespace_to_dict
2022-12-19 13:26:54,476 -         Leaving convert_namespace_to_dict
2022-12-19 13:26:54,476 -     Leaving convert_namespace_to_dict
2022-12-19 13:26:54,476 -     Entering convert_namespace_to_dict
2022-12-19 13:26:54,476 -         Entering convert_namespace_to_dict
2022-12-19 13:26:54,476 -         Leaving convert_namespace_to_dict
2022-12-19 13:26:54,476 -         Entering convert_namespace_to_dict
2022-12-19 13:26:54,476 -             Entering convert_namespace_to_dict
2022-12-19 13:26:54,476 -                 Entering convert_namespace_to_dict
2022-12-19 13:26:54,476 -                 Leaving convert_namespace_to_dict
2022-12-19 13:26:54,476 -                 Entering convert_namespace_to_dict
2022-12-19 13:26:54,476 -                 Leaving convert_namespace_to_dict
2022-12-19 13:26:54,476 -             Leaving convert_namespace_to_dict
2022-12-19 13:26:54,476 -             Entering convert_namespace_to_dict
2022-12-19 13:26:54,476 -             Leaving convert_namespace_to_dict
2022-12-19 13:26:54,476 -         Leaving convert_namespace_to_dict
2022-12-19 13:26:54,476 -         Entering convert_namespace_to_dict
2022-12-19 13:26:54,476 -             Entering convert_namespace_to_dict
2022-12-19 13:26:54,476 -                 Entering convert_namespace_to_dict
2022-12-19 13:26:54,476 -                 Leaving convert_namespace_to_dict
2022-12-19 13:26:54,476 -                 Entering convert_namespace_to_dict
2022-12-19 13:26:54,476 -                 Leaving convert_namespace_to_dict
2022-12-19 13:26:54,476 -                 Entering convert_namespace_to_dict
2022-12-19 13:26:54,476 -                 Leaving convert_namespace_to_dict
2022-12-19 13:26:54,476 -                 Entering convert_namespace_to_dict
2022-12-19 13:26:54,476 -                 Leaving convert_namespace_to_dict
2022-12-19 13:26:54,476 -                 Entering convert_namespace_to_dict
2022-12-19 13:26:54,476 -                 Leaving convert_namespace_to_dict
2022-12-19 13:26:54,476 -                 Entering convert_namespace_to_dict
2022-12-19 13:26:54,476 -                 Leaving convert_namespace_to_dict
2022-12-19 13:26:54,476 -                 Entering convert_namespace_to_dict
2022-12-19 13:26:54,476 -                 Leaving convert_namespace_to_dict
2022-12-19 13:26:54,476 -             Leaving convert_namespace_to_dict
2022-12-19 13:26:54,476 -         Leaving convert_namespace_to_dict
2022-12-19 13:26:54,476 -         Entering convert_namespace_to_dict
2022-12-19 13:26:54,476 -             Entering convert_namespace_to_dict
2022-12-19 13:26:54,476 -                 Entering convert_namespace_to_dict
2022-12-19 13:26:54,476 -                 Leaving convert_namespace_to_dict
2022-12-19 13:26:54,476 -                 Entering convert_namespace_to_dict
2022-12-19 13:26:54,476 -                 Leaving convert_namespace_to_dict
2022-12-19 13:26:54,476 -                 Entering convert_namespace_to_dict
2022-12-19 13:26:54,476 -                     Entering convert_namespace_to_dict
2022-12-19 13:26:54,476 -                     Leaving convert_namespace_to_dict
2022-12-19 13:26:54,476 -                 Leaving convert_namespace_to_dict
2022-12-19 13:26:54,476 -                 Entering convert_namespace_to_dict
2022-12-19 13:26:54,476 -                 Leaving convert_namespace_to_dict
2022-12-19 13:26:54,476 -             Leaving convert_namespace_to_dict
2022-12-19 13:26:54,476 -             Entering convert_namespace_to_dict
2022-12-19 13:26:54,476 -             Leaving convert_namespace_to_dict
2022-12-19 13:26:54,476 -         Leaving convert_namespace_to_dict
2022-12-19 13:26:54,476 -     Leaving convert_namespace_to_dict
2022-12-19 13:26:54,476 -     Entering run_transformation
2022-12-19 13:26:54,476 -         Entering eval_elem_mapping
2022-12-19 13:26:54,476 -         Leaving eval_elem_mapping
2022-12-19 13:26:54,476 -         Entering eval_elem_mapping
2022-12-19 13:26:54,476 -         Leaving eval_elem_mapping
2022-12-19 13:26:54,476 -         Entering eval_update_mapping
2022-12-19 13:26:54,476 -             Entering eval_elem_mapping
2022-12-19 13:26:54,476 -             Leaving eval_elem_mapping
2022-12-19 13:26:54,476 -         Leaving eval_update_mapping
2022-12-19 13:26:54,476 -         Entering read_feature
2022-12-19 13:26:54,476 -             Entering eval_elem_mapping
2022-12-19 13:26:54,476 -             Leaving eval_elem_mapping
2022-12-19 13:26:54,476 -             Entering eval_elem_mapping
2022-12-19 13:26:54,476 -             Leaving eval_elem_mapping
2022-12-19 13:26:54,476 -             Entering eval_elem_mapping
2022-12-19 13:26:54,477 -             Leaving eval_elem_mapping
2022-12-19 13:26:54,477 -             Entering eval_elem_mapping
2022-12-19 13:26:54,477 -             Leaving eval_elem_mapping
2022-12-19 13:26:54,477 -             Entering eval_elem_mapping
2022-12-19 13:26:54,477 -             Leaving eval_elem_mapping
2022-12-19 13:26:54,477 -             Entering eval_elem_mapping
2022-12-19 13:26:54,477 -             Leaving eval_elem_mapping
2022-12-19 13:26:54,477 -             Entering eval_elem_mapping
2022-12-19 13:26:54,477 -             Leaving eval_elem_mapping
2022-12-19 13:26:54,477 -             Entering read
2022-12-19 13:26:54,477 -                 Entering validate_path
2022-12-19 13:26:54,477 -                 Leaving validate_path
2022-12-19 13:26:54,480 - Zhuoran Ma records <3331> were read from </Users/zhuoranma/Downloads/fall2022py/data/zhuoranma_transform_output.csv>
2022-12-19 13:26:54,480 -             Leaving read
2022-12-19 13:26:54,481 -             Entering eval_elem_mapping
2022-12-19 13:26:54,481 -             Leaving eval_elem_mapping
2022-12-19 13:26:54,481 -         Leaving read_feature
2022-12-19 13:26:54,481 -         Entering eval_elem_mapping
2022-12-19 13:26:54,481 -         Leaving eval_elem_mapping
2022-12-19 13:26:54,481 -         Entering eval_elem_mapping
2022-12-19 13:26:54,481 -         Leaving eval_elem_mapping
2022-12-19 13:26:54,481 -         Entering eval_update_mapping
2022-12-19 13:26:54,481 -             Entering eval_elem_mapping
2022-12-19 13:26:54,481 -             Leaving eval_elem_mapping
2022-12-19 13:26:54,481 -         Leaving eval_update_mapping
2022-12-19 13:26:54,481 -         Entering aggregate_feature
2022-12-19 13:26:54,481 -             Entering eval_elem_mapping
2022-12-19 13:26:54,481 -             Leaving eval_elem_mapping
2022-12-19 13:26:54,481 -             Entering eval_elem_mapping
2022-12-19 13:26:54,481 -             Leaving eval_elem_mapping
2022-12-19 13:26:54,481 -             Entering eval_elem_mapping
2022-12-19 13:26:54,481 -             Leaving eval_elem_mapping
2022-12-19 13:26:54,481 -             Entering eval_elem_mapping
2022-12-19 13:26:54,481 -             Leaving eval_elem_mapping
2022-12-19 13:26:54,527 -         Leaving aggregate_feature
2022-12-19 13:26:54,527 -         Entering eval_elem_mapping
2022-12-19 13:26:54,527 -         Leaving eval_elem_mapping
2022-12-19 13:26:54,527 -         Entering eval_elem_mapping
2022-12-19 13:26:54,527 -         Leaving eval_elem_mapping
2022-12-19 13:26:54,527 -         Entering eval_update_mapping
2022-12-19 13:26:54,527 -             Entering eval_elem_mapping
2022-12-19 13:26:54,527 -             Leaving eval_elem_mapping
2022-12-19 13:26:54,527 -         Leaving eval_update_mapping
2022-12-19 13:26:54,566 -         Entering write_feature
2022-12-19 13:26:54,566 -             Entering rearrange_feature
2022-12-19 13:26:54,566 -                 Entering eval_elem_mapping
2022-12-19 13:26:54,566 -                 Leaving eval_elem_mapping
2022-12-19 13:26:54,567 -                 Entering eval_elem_mapping
2022-12-19 13:26:54,567 -                 Leaving eval_elem_mapping
2022-12-19 13:26:54,567 -             Leaving rearrange_feature
2022-12-19 13:26:54,567 -             Entering eval_elem_mapping
2022-12-19 13:26:54,567 -             Leaving eval_elem_mapping
2022-12-19 13:26:54,567 -             Entering eval_elem_mapping
2022-12-19 13:26:54,567 -             Leaving eval_elem_mapping
2022-12-19 13:26:54,567 -             Entering eval_elem_mapping
2022-12-19 13:26:54,567 -             Leaving eval_elem_mapping
2022-12-19 13:26:54,567 -             Entering eval_elem_mapping
2022-12-19 13:26:54,567 -             Leaving eval_elem_mapping
2022-12-19 13:26:54,567 -             Entering eval_elem_mapping
2022-12-19 13:26:54,567 -             Leaving eval_elem_mapping
2022-12-19 13:26:54,567 -             Entering eval_elem_mapping
2022-12-19 13:26:54,567 -             Leaving eval_elem_mapping
2022-12-19 13:26:54,567 -             Entering eval_elem_mapping
2022-12-19 13:26:54,567 -             Leaving eval_elem_mapping
2022-12-19 13:26:54,567 -             Entering eval_elem_mapping
2022-12-19 13:26:54,567 -             Leaving eval_elem_mapping
2022-12-19 13:26:54,567 -             Entering write
2022-12-19 13:26:54,567 -                 Entering validate_path
2022-12-19 13:26:54,567 -                 Leaving validate_path
2022-12-19 13:26:54,567 -                 Entering path_new_mode
2022-12-19 13:26:54,567 -                 Leaving path_new_mode
2022-12-19 13:26:54,569 - Leaving EtlData utility incomplete with errors
2022-12-19 13:29:05,638 - 
2022-12-19 13:29:05,638 - Entering EtlData utility
2022-12-19 13:29:05,638 -     Entering convert_namespace_to_dict
2022-12-19 13:29:05,638 -         Entering convert_namespace_to_dict
2022-12-19 13:29:05,638 -         Leaving convert_namespace_to_dict
2022-12-19 13:29:05,638 -         Entering convert_namespace_to_dict
2022-12-19 13:29:05,638 -         Leaving convert_namespace_to_dict
2022-12-19 13:29:05,638 -         Entering convert_namespace_to_dict
2022-12-19 13:29:05,638 -         Leaving convert_namespace_to_dict
2022-12-19 13:29:05,638 -         Entering convert_namespace_to_dict
2022-12-19 13:29:05,638 -         Leaving convert_namespace_to_dict
2022-12-19 13:29:05,638 -         Entering convert_namespace_to_dict
2022-12-19 13:29:05,638 -         Leaving convert_namespace_to_dict
2022-12-19 13:29:05,638 -     Leaving convert_namespace_to_dict
2022-12-19 13:29:05,638 -     Entering convert_namespace_to_dict
2022-12-19 13:29:05,638 -         Entering convert_namespace_to_dict
2022-12-19 13:29:05,638 -         Leaving convert_namespace_to_dict
2022-12-19 13:29:05,638 -         Entering convert_namespace_to_dict
2022-12-19 13:29:05,638 -             Entering convert_namespace_to_dict
2022-12-19 13:29:05,638 -                 Entering convert_namespace_to_dict
2022-12-19 13:29:05,638 -                 Leaving convert_namespace_to_dict
2022-12-19 13:29:05,638 -                 Entering convert_namespace_to_dict
2022-12-19 13:29:05,638 -                 Leaving convert_namespace_to_dict
2022-12-19 13:29:05,638 -             Leaving convert_namespace_to_dict
2022-12-19 13:29:05,638 -             Entering convert_namespace_to_dict
2022-12-19 13:29:05,638 -             Leaving convert_namespace_to_dict
2022-12-19 13:29:05,638 -         Leaving convert_namespace_to_dict
2022-12-19 13:29:05,638 -         Entering convert_namespace_to_dict
2022-12-19 13:29:05,638 -             Entering convert_namespace_to_dict
2022-12-19 13:29:05,638 -                 Entering convert_namespace_to_dict
2022-12-19 13:29:05,638 -                 Leaving convert_namespace_to_dict
2022-12-19 13:29:05,638 -                 Entering convert_namespace_to_dict
2022-12-19 13:29:05,638 -                 Leaving convert_namespace_to_dict
2022-12-19 13:29:05,638 -                 Entering convert_namespace_to_dict
2022-12-19 13:29:05,638 -                 Leaving convert_namespace_to_dict
2022-12-19 13:29:05,638 -                 Entering convert_namespace_to_dict
2022-12-19 13:29:05,638 -                 Leaving convert_namespace_to_dict
2022-12-19 13:29:05,638 -                 Entering convert_namespace_to_dict
2022-12-19 13:29:05,638 -                 Leaving convert_namespace_to_dict
2022-12-19 13:29:05,638 -                 Entering convert_namespace_to_dict
2022-12-19 13:29:05,638 -                 Leaving convert_namespace_to_dict
2022-12-19 13:29:05,638 -                 Entering convert_namespace_to_dict
2022-12-19 13:29:05,638 -                 Leaving convert_namespace_to_dict
2022-12-19 13:29:05,638 -             Leaving convert_namespace_to_dict
2022-12-19 13:29:05,638 -         Leaving convert_namespace_to_dict
2022-12-19 13:29:05,638 -         Entering convert_namespace_to_dict
2022-12-19 13:29:05,638 -             Entering convert_namespace_to_dict
2022-12-19 13:29:05,639 -                 Entering convert_namespace_to_dict
2022-12-19 13:29:05,639 -                 Leaving convert_namespace_to_dict
2022-12-19 13:29:05,639 -                 Entering convert_namespace_to_dict
2022-12-19 13:29:05,639 -                 Leaving convert_namespace_to_dict
2022-12-19 13:29:05,639 -                 Entering convert_namespace_to_dict
2022-12-19 13:29:05,639 -                     Entering convert_namespace_to_dict
2022-12-19 13:29:05,639 -                     Leaving convert_namespace_to_dict
2022-12-19 13:29:05,639 -                 Leaving convert_namespace_to_dict
2022-12-19 13:29:05,639 -             Leaving convert_namespace_to_dict
2022-12-19 13:29:05,639 -             Entering convert_namespace_to_dict
2022-12-19 13:29:05,639 -             Leaving convert_namespace_to_dict
2022-12-19 13:29:05,639 -         Leaving convert_namespace_to_dict
2022-12-19 13:29:05,639 -     Leaving convert_namespace_to_dict
2022-12-19 13:29:05,639 -     Entering run_transformation
2022-12-19 13:29:05,639 -         Entering eval_elem_mapping
2022-12-19 13:29:05,639 -         Leaving eval_elem_mapping
2022-12-19 13:29:05,639 -         Entering eval_elem_mapping
2022-12-19 13:29:05,639 -         Leaving eval_elem_mapping
2022-12-19 13:29:05,639 -         Entering eval_update_mapping
2022-12-19 13:29:05,639 -             Entering eval_elem_mapping
2022-12-19 13:29:05,639 -             Leaving eval_elem_mapping
2022-12-19 13:29:05,639 -         Leaving eval_update_mapping
2022-12-19 13:29:05,639 -         Entering read_feature
2022-12-19 13:29:05,639 -             Entering eval_elem_mapping
2022-12-19 13:29:05,639 -             Leaving eval_elem_mapping
2022-12-19 13:29:05,639 -             Entering eval_elem_mapping
2022-12-19 13:29:05,639 -             Leaving eval_elem_mapping
2022-12-19 13:29:05,639 -             Entering eval_elem_mapping
2022-12-19 13:29:05,639 -             Leaving eval_elem_mapping
2022-12-19 13:29:05,639 -             Entering eval_elem_mapping
2022-12-19 13:29:05,639 -             Leaving eval_elem_mapping
2022-12-19 13:29:05,639 -             Entering eval_elem_mapping
2022-12-19 13:29:05,639 -             Leaving eval_elem_mapping
2022-12-19 13:29:05,639 -             Entering eval_elem_mapping
2022-12-19 13:29:05,639 -             Leaving eval_elem_mapping
2022-12-19 13:29:05,639 -             Entering eval_elem_mapping
2022-12-19 13:29:05,639 -             Leaving eval_elem_mapping
2022-12-19 13:29:05,639 -             Entering read
2022-12-19 13:29:05,639 -                 Entering validate_path
2022-12-19 13:29:05,639 -                 Leaving validate_path
2022-12-19 13:29:05,642 - Zhuoran Ma records <3331> were read from </Users/zhuoranma/Downloads/fall2022py/data/zhuoranma_transform_output.csv>
2022-12-19 13:29:05,642 -             Leaving read
2022-12-19 13:29:05,642 -             Entering eval_elem_mapping
2022-12-19 13:29:05,642 -             Leaving eval_elem_mapping
2022-12-19 13:29:05,642 -         Leaving read_feature
2022-12-19 13:29:05,642 -         Entering eval_elem_mapping
2022-12-19 13:29:05,642 -         Leaving eval_elem_mapping
2022-12-19 13:29:05,642 -         Entering eval_elem_mapping
2022-12-19 13:29:05,642 -         Leaving eval_elem_mapping
2022-12-19 13:29:05,642 -         Entering eval_update_mapping
2022-12-19 13:29:05,642 -             Entering eval_elem_mapping
2022-12-19 13:29:05,642 -             Leaving eval_elem_mapping
2022-12-19 13:29:05,642 -         Leaving eval_update_mapping
2022-12-19 13:29:05,642 -         Entering aggregate_feature
2022-12-19 13:29:05,642 -             Entering eval_elem_mapping
2022-12-19 13:29:05,642 -             Leaving eval_elem_mapping
2022-12-19 13:29:05,642 -             Entering eval_elem_mapping
2022-12-19 13:29:05,642 -             Leaving eval_elem_mapping
2022-12-19 13:29:05,642 -             Entering eval_elem_mapping
2022-12-19 13:29:05,643 -             Leaving eval_elem_mapping
2022-12-19 13:29:05,643 -             Entering eval_elem_mapping
2022-12-19 13:29:05,643 -             Leaving eval_elem_mapping
2022-12-19 13:29:05,647 -         Leaving aggregate_feature
2022-12-19 13:29:05,647 -         Entering eval_elem_mapping
2022-12-19 13:29:05,647 -         Leaving eval_elem_mapping
2022-12-19 13:29:05,647 -         Entering eval_elem_mapping
2022-12-19 13:29:05,648 -         Leaving eval_elem_mapping
2022-12-19 13:29:05,648 -         Entering eval_update_mapping
2022-12-19 13:29:05,648 -             Entering eval_elem_mapping
2022-12-19 13:29:05,648 -             Leaving eval_elem_mapping
2022-12-19 13:29:05,648 -         Leaving eval_update_mapping
2022-12-19 13:29:05,648 -         Entering write_feature
2022-12-19 13:29:05,648 -             Entering rearrange_feature
2022-12-19 13:29:05,648 -                 Entering eval_elem_mapping
2022-12-19 13:29:05,648 -                 Leaving eval_elem_mapping
2022-12-19 13:29:05,648 -                 Entering eval_elem_mapping
2022-12-19 13:29:05,648 -                 Leaving eval_elem_mapping
2022-12-19 13:29:05,648 -             Leaving rearrange_feature
2022-12-19 13:29:05,648 -             Entering eval_elem_mapping
2022-12-19 13:29:05,648 -             Leaving eval_elem_mapping
2022-12-19 13:29:05,648 -             Entering eval_elem_mapping
2022-12-19 13:29:05,648 -             Leaving eval_elem_mapping
2022-12-19 13:29:05,648 -             Entering eval_elem_mapping
2022-12-19 13:29:05,648 -             Leaving eval_elem_mapping
2022-12-19 13:29:05,648 -             Entering eval_elem_mapping
2022-12-19 13:29:05,648 -             Leaving eval_elem_mapping
2022-12-19 13:29:05,648 -             Entering eval_elem_mapping
2022-12-19 13:29:05,648 -             Leaving eval_elem_mapping
2022-12-19 13:29:05,648 -             Entering eval_elem_mapping
2022-12-19 13:29:05,648 -             Leaving eval_elem_mapping
2022-12-19 13:29:05,648 -             Entering eval_elem_mapping
2022-12-19 13:29:05,648 -             Leaving eval_elem_mapping
2022-12-19 13:29:05,648 -             Entering eval_elem_mapping
2022-12-19 13:29:05,648 -             Leaving eval_elem_mapping
2022-12-19 13:29:05,648 -             Entering write
2022-12-19 13:29:05,648 -                 Entering validate_path
2022-12-19 13:29:05,648 -                 Leaving validate_path
2022-12-19 13:29:05,648 -                 Entering path_new_mode
2022-12-19 13:29:05,648 -                 Leaving path_new_mode
2022-12-19 13:29:05,652 - Zhuoran Ma records <45> were write to </Users/zhuoranma/Downloads/fall2022py/data/zhuoranma_transform_pivot_output.csv>
2022-12-19 13:29:05,652 -             Leaving write
2022-12-19 13:29:05,652 -         Leaving write_feature
2022-12-19 13:29:05,652 -     Leaving run_transformation
2022-12-19 13:29:05,652 - Leaving EtlData utility
2022-12-19 14:13:11,828 - 
2022-12-19 14:13:11,829 - Entering EtlData utility
2022-12-19 14:13:11,829 -     Entering convert_namespace_to_dict
2022-12-19 14:13:11,829 -         Entering convert_namespace_to_dict
2022-12-19 14:13:11,829 -         Leaving convert_namespace_to_dict
2022-12-19 14:13:11,829 -         Entering convert_namespace_to_dict
2022-12-19 14:13:11,829 -         Leaving convert_namespace_to_dict
2022-12-19 14:13:11,829 -         Entering convert_namespace_to_dict
2022-12-19 14:13:11,829 -         Leaving convert_namespace_to_dict
2022-12-19 14:13:11,829 -         Entering convert_namespace_to_dict
2022-12-19 14:13:11,829 -         Leaving convert_namespace_to_dict
2022-12-19 14:13:11,829 -         Entering convert_namespace_to_dict
2022-12-19 14:13:11,829 -         Leaving convert_namespace_to_dict
2022-12-19 14:13:11,829 -     Leaving convert_namespace_to_dict
2022-12-19 14:13:11,829 -     Entering convert_namespace_to_dict
2022-12-19 14:13:11,829 -         Entering convert_namespace_to_dict
2022-12-19 14:13:11,829 -         Leaving convert_namespace_to_dict
2022-12-19 14:13:11,829 -         Entering convert_namespace_to_dict
2022-12-19 14:13:11,829 -             Entering convert_namespace_to_dict
2022-12-19 14:13:11,829 -                 Entering convert_namespace_to_dict
2022-12-19 14:13:11,829 -                 Leaving convert_namespace_to_dict
2022-12-19 14:13:11,829 -                 Entering convert_namespace_to_dict
2022-12-19 14:13:11,829 -                 Leaving convert_namespace_to_dict
2022-12-19 14:13:11,829 -             Leaving convert_namespace_to_dict
2022-12-19 14:13:11,829 -             Entering convert_namespace_to_dict
2022-12-19 14:13:11,829 -             Leaving convert_namespace_to_dict
2022-12-19 14:13:11,829 -         Leaving convert_namespace_to_dict
2022-12-19 14:13:11,829 -         Entering convert_namespace_to_dict
2022-12-19 14:13:11,829 -             Entering convert_namespace_to_dict
2022-12-19 14:13:11,829 -                 Entering convert_namespace_to_dict
2022-12-19 14:13:11,829 -                 Leaving convert_namespace_to_dict
2022-12-19 14:13:11,829 -                 Entering convert_namespace_to_dict
2022-12-19 14:13:11,829 -                 Leaving convert_namespace_to_dict
2022-12-19 14:13:11,829 -                 Entering convert_namespace_to_dict
2022-12-19 14:13:11,829 -                 Leaving convert_namespace_to_dict
2022-12-19 14:13:11,829 -                 Entering convert_namespace_to_dict
2022-12-19 14:13:11,829 -                 Leaving convert_namespace_to_dict
2022-12-19 14:13:11,829 -                 Entering convert_namespace_to_dict
2022-12-19 14:13:11,829 -                 Leaving convert_namespace_to_dict
2022-12-19 14:13:11,829 -                 Entering convert_namespace_to_dict
2022-12-19 14:13:11,829 -                 Leaving convert_namespace_to_dict
2022-12-19 14:13:11,829 -                 Entering convert_namespace_to_dict
2022-12-19 14:13:11,829 -                 Leaving convert_namespace_to_dict
2022-12-19 14:13:11,829 -             Leaving convert_namespace_to_dict
2022-12-19 14:13:11,829 -         Leaving convert_namespace_to_dict
2022-12-19 14:13:11,829 -         Entering convert_namespace_to_dict
2022-12-19 14:13:11,829 -             Entering convert_namespace_to_dict
2022-12-19 14:13:11,829 -                 Entering convert_namespace_to_dict
2022-12-19 14:13:11,829 -                 Leaving convert_namespace_to_dict
2022-12-19 14:13:11,829 -                 Entering convert_namespace_to_dict
2022-12-19 14:13:11,829 -                 Leaving convert_namespace_to_dict
2022-12-19 14:13:11,829 -                 Entering convert_namespace_to_dict
2022-12-19 14:13:11,829 -                     Entering convert_namespace_to_dict
2022-12-19 14:13:11,829 -                     Leaving convert_namespace_to_dict
2022-12-19 14:13:11,829 -                 Leaving convert_namespace_to_dict
2022-12-19 14:13:11,829 -             Leaving convert_namespace_to_dict
2022-12-19 14:13:11,829 -             Entering convert_namespace_to_dict
2022-12-19 14:13:11,829 -             Leaving convert_namespace_to_dict
2022-12-19 14:13:11,829 -         Leaving convert_namespace_to_dict
2022-12-19 14:13:11,829 -     Leaving convert_namespace_to_dict
2022-12-19 14:13:11,829 -     Entering run_transformation
2022-12-19 14:13:11,829 -         Entering eval_elem_mapping
2022-12-19 14:13:11,829 -         Leaving eval_elem_mapping
2022-12-19 14:13:11,829 -         Entering eval_elem_mapping
2022-12-19 14:13:11,829 -         Leaving eval_elem_mapping
2022-12-19 14:13:11,829 -         Entering eval_update_mapping
2022-12-19 14:13:11,830 -             Entering eval_elem_mapping
2022-12-19 14:13:11,830 -             Leaving eval_elem_mapping
2022-12-19 14:13:11,830 -         Leaving eval_update_mapping
2022-12-19 14:13:11,830 -         Entering read_feature
2022-12-19 14:13:11,830 -             Entering eval_elem_mapping
2022-12-19 14:13:11,830 -             Leaving eval_elem_mapping
2022-12-19 14:13:11,830 -             Entering eval_elem_mapping
2022-12-19 14:13:11,830 -             Leaving eval_elem_mapping
2022-12-19 14:13:11,830 -             Entering eval_elem_mapping
2022-12-19 14:13:11,830 -             Leaving eval_elem_mapping
2022-12-19 14:13:11,830 -             Entering eval_elem_mapping
2022-12-19 14:13:11,830 -             Leaving eval_elem_mapping
2022-12-19 14:13:11,830 -             Entering eval_elem_mapping
2022-12-19 14:13:11,830 -             Leaving eval_elem_mapping
2022-12-19 14:13:11,830 -             Entering eval_elem_mapping
2022-12-19 14:13:11,830 -             Leaving eval_elem_mapping
2022-12-19 14:13:11,830 -             Entering eval_elem_mapping
2022-12-19 14:13:11,830 -             Leaving eval_elem_mapping
2022-12-19 14:13:11,830 -             Entering read
2022-12-19 14:13:11,830 -                 Entering validate_path
2022-12-19 14:13:11,830 -                 Leaving validate_path
2022-12-19 14:13:11,833 - Zhuoran Ma records <3331> were read from </Users/zhuoranma/Downloads/fall2022py/data/zhuoranma_transform_output.csv>
2022-12-19 14:13:11,833 -             Leaving read
2022-12-19 14:13:11,833 -             Entering eval_elem_mapping
2022-12-19 14:13:11,833 -             Leaving eval_elem_mapping
2022-12-19 14:13:11,834 -         Leaving read_feature
2022-12-19 14:13:11,834 -         Entering eval_elem_mapping
2022-12-19 14:13:11,834 -         Leaving eval_elem_mapping
2022-12-19 14:13:11,834 -         Entering eval_elem_mapping
2022-12-19 14:13:11,834 -         Leaving eval_elem_mapping
2022-12-19 14:13:11,834 -         Entering eval_update_mapping
2022-12-19 14:13:11,834 -             Entering eval_elem_mapping
2022-12-19 14:13:11,834 -             Leaving eval_elem_mapping
2022-12-19 14:13:11,834 -         Leaving eval_update_mapping
2022-12-19 14:13:11,834 -         Entering aggregate_feature
2022-12-19 14:13:11,834 -             Entering eval_elem_mapping
2022-12-19 14:13:11,834 -             Leaving eval_elem_mapping
2022-12-19 14:13:11,834 -             Entering eval_elem_mapping
2022-12-19 14:13:11,834 -             Leaving eval_elem_mapping
2022-12-19 14:13:11,834 -             Entering eval_elem_mapping
2022-12-19 14:13:11,834 -             Leaving eval_elem_mapping
2022-12-19 14:13:11,834 -             Entering eval_elem_mapping
2022-12-19 14:13:11,834 -             Leaving eval_elem_mapping
2022-12-19 14:13:11,839 -         Leaving aggregate_feature
2022-12-19 14:13:11,839 -         Entering eval_elem_mapping
2022-12-19 14:13:11,839 -         Leaving eval_elem_mapping
2022-12-19 14:13:11,839 -         Entering eval_elem_mapping
2022-12-19 14:13:11,839 -         Leaving eval_elem_mapping
2022-12-19 14:13:11,839 -         Entering eval_update_mapping
2022-12-19 14:13:11,839 -             Entering eval_elem_mapping
2022-12-19 14:13:11,839 -             Leaving eval_elem_mapping
2022-12-19 14:13:11,839 -         Leaving eval_update_mapping
2022-12-19 14:13:11,839 -         Entering write_feature
2022-12-19 14:13:11,839 -             Entering rearrange_feature
2022-12-19 14:13:11,839 -                 Entering eval_elem_mapping
2022-12-19 14:13:11,839 -                 Leaving eval_elem_mapping
2022-12-19 14:13:11,839 -                 Entering eval_elem_mapping
2022-12-19 14:13:11,839 -                 Leaving eval_elem_mapping
2022-12-19 14:13:11,839 -             Leaving rearrange_feature
2022-12-19 14:13:11,839 -             Entering eval_elem_mapping
2022-12-19 14:13:11,839 -             Leaving eval_elem_mapping
2022-12-19 14:13:11,839 -             Entering eval_elem_mapping
2022-12-19 14:13:11,839 -             Leaving eval_elem_mapping
2022-12-19 14:13:11,839 -             Entering eval_elem_mapping
2022-12-19 14:13:11,839 -             Leaving eval_elem_mapping
2022-12-19 14:13:11,839 -             Entering eval_elem_mapping
2022-12-19 14:13:11,839 -             Leaving eval_elem_mapping
2022-12-19 14:13:11,839 -             Entering eval_elem_mapping
2022-12-19 14:13:11,839 -             Leaving eval_elem_mapping
2022-12-19 14:13:11,839 -             Entering eval_elem_mapping
2022-12-19 14:13:11,839 -             Leaving eval_elem_mapping
2022-12-19 14:13:11,839 -             Entering eval_elem_mapping
2022-12-19 14:13:11,839 -             Leaving eval_elem_mapping
2022-12-19 14:13:11,839 -             Entering eval_elem_mapping
2022-12-19 14:13:11,839 -             Leaving eval_elem_mapping
2022-12-19 14:13:11,839 -             Entering write
2022-12-19 14:13:11,839 -                 Entering validate_path
2022-12-19 14:13:11,839 -                 Leaving validate_path
2022-12-19 14:13:11,840 -                 Entering path_new_mode
2022-12-19 14:13:11,840 -                 Leaving path_new_mode
2022-12-19 14:13:11,843 - Zhuoran Ma records <45> were write to </Users/zhuoranma/Downloads/fall2022py/data/zhuoranma_transform_pivot_output.csv>
2022-12-19 14:13:11,843 -             Leaving write
2022-12-19 14:13:11,843 -         Leaving write_feature
2022-12-19 14:13:11,843 -     Leaving run_transformation
2022-12-19 14:13:11,843 - Leaving EtlData utility
2022-12-19 14:14:01,937 - 
2022-12-19 14:14:01,938 - Entering EtlData utility
2022-12-19 14:14:01,938 -     Entering convert_namespace_to_dict
2022-12-19 14:14:01,938 -         Entering convert_namespace_to_dict
2022-12-19 14:14:01,938 -         Leaving convert_namespace_to_dict
2022-12-19 14:14:01,938 -         Entering convert_namespace_to_dict
2022-12-19 14:14:01,938 -         Leaving convert_namespace_to_dict
2022-12-19 14:14:01,938 -         Entering convert_namespace_to_dict
2022-12-19 14:14:01,938 -         Leaving convert_namespace_to_dict
2022-12-19 14:14:01,938 -         Entering convert_namespace_to_dict
2022-12-19 14:14:01,938 -         Leaving convert_namespace_to_dict
2022-12-19 14:14:01,938 -         Entering convert_namespace_to_dict
2022-12-19 14:14:01,938 -         Leaving convert_namespace_to_dict
2022-12-19 14:14:01,938 -     Leaving convert_namespace_to_dict
2022-12-19 14:14:01,938 -     Entering convert_namespace_to_dict
2022-12-19 14:14:01,938 -         Entering convert_namespace_to_dict
2022-12-19 14:14:01,938 -         Leaving convert_namespace_to_dict
2022-12-19 14:14:01,938 -         Entering convert_namespace_to_dict
2022-12-19 14:14:01,938 -             Entering convert_namespace_to_dict
2022-12-19 14:14:01,938 -                 Entering convert_namespace_to_dict
2022-12-19 14:14:01,938 -                 Leaving convert_namespace_to_dict
2022-12-19 14:14:01,938 -                 Entering convert_namespace_to_dict
2022-12-19 14:14:01,938 -                 Leaving convert_namespace_to_dict
2022-12-19 14:14:01,938 -             Leaving convert_namespace_to_dict
2022-12-19 14:14:01,938 -             Entering convert_namespace_to_dict
2022-12-19 14:14:01,938 -             Leaving convert_namespace_to_dict
2022-12-19 14:14:01,938 -         Leaving convert_namespace_to_dict
2022-12-19 14:14:01,938 -         Entering convert_namespace_to_dict
2022-12-19 14:14:01,938 -             Entering convert_namespace_to_dict
2022-12-19 14:14:01,938 -                 Entering convert_namespace_to_dict
2022-12-19 14:14:01,938 -                 Leaving convert_namespace_to_dict
2022-12-19 14:14:01,938 -                 Entering convert_namespace_to_dict
2022-12-19 14:14:01,938 -                 Leaving convert_namespace_to_dict
2022-12-19 14:14:01,938 -                 Entering convert_namespace_to_dict
2022-12-19 14:14:01,938 -                 Leaving convert_namespace_to_dict
2022-12-19 14:14:01,938 -                 Entering convert_namespace_to_dict
2022-12-19 14:14:01,938 -                 Leaving convert_namespace_to_dict
2022-12-19 14:14:01,938 -                 Entering convert_namespace_to_dict
2022-12-19 14:14:01,938 -                 Leaving convert_namespace_to_dict
2022-12-19 14:14:01,938 -                 Entering convert_namespace_to_dict
2022-12-19 14:14:01,938 -                 Leaving convert_namespace_to_dict
2022-12-19 14:14:01,938 -                 Entering convert_namespace_to_dict
2022-12-19 14:14:01,938 -                 Leaving convert_namespace_to_dict
2022-12-19 14:14:01,938 -             Leaving convert_namespace_to_dict
2022-12-19 14:14:01,938 -         Leaving convert_namespace_to_dict
2022-12-19 14:14:01,938 -         Entering convert_namespace_to_dict
2022-12-19 14:14:01,938 -             Entering convert_namespace_to_dict
2022-12-19 14:14:01,938 -                 Entering convert_namespace_to_dict
2022-12-19 14:14:01,938 -                 Leaving convert_namespace_to_dict
2022-12-19 14:14:01,938 -                 Entering convert_namespace_to_dict
2022-12-19 14:14:01,938 -                 Leaving convert_namespace_to_dict
2022-12-19 14:14:01,938 -                 Entering convert_namespace_to_dict
2022-12-19 14:14:01,938 -                     Entering convert_namespace_to_dict
2022-12-19 14:14:01,938 -                     Leaving convert_namespace_to_dict
2022-12-19 14:14:01,938 -                 Leaving convert_namespace_to_dict
2022-12-19 14:14:01,938 -             Leaving convert_namespace_to_dict
2022-12-19 14:14:01,938 -             Entering convert_namespace_to_dict
2022-12-19 14:14:01,938 -             Leaving convert_namespace_to_dict
2022-12-19 14:14:01,938 -         Leaving convert_namespace_to_dict
2022-12-19 14:14:01,938 -     Leaving convert_namespace_to_dict
2022-12-19 14:14:01,938 -     Entering run_transformation
2022-12-19 14:14:01,938 -         Entering eval_elem_mapping
2022-12-19 14:14:01,938 -         Leaving eval_elem_mapping
2022-12-19 14:14:01,939 -         Entering eval_elem_mapping
2022-12-19 14:14:01,939 -         Leaving eval_elem_mapping
2022-12-19 14:14:01,939 -         Entering eval_update_mapping
2022-12-19 14:14:01,939 -             Entering eval_elem_mapping
2022-12-19 14:14:01,939 -             Leaving eval_elem_mapping
2022-12-19 14:14:01,939 -         Leaving eval_update_mapping
2022-12-19 14:14:01,939 -         Entering read_feature
2022-12-19 14:14:01,939 -             Entering eval_elem_mapping
2022-12-19 14:14:01,939 -             Leaving eval_elem_mapping
2022-12-19 14:14:01,939 -             Entering eval_elem_mapping
2022-12-19 14:14:01,939 -             Leaving eval_elem_mapping
2022-12-19 14:14:01,939 -             Entering eval_elem_mapping
2022-12-19 14:14:01,939 -             Leaving eval_elem_mapping
2022-12-19 14:14:01,939 -             Entering eval_elem_mapping
2022-12-19 14:14:01,939 -             Leaving eval_elem_mapping
2022-12-19 14:14:01,939 -             Entering eval_elem_mapping
2022-12-19 14:14:01,939 -             Leaving eval_elem_mapping
2022-12-19 14:14:01,939 -             Entering eval_elem_mapping
2022-12-19 14:14:01,939 -             Leaving eval_elem_mapping
2022-12-19 14:14:01,939 -             Entering eval_elem_mapping
2022-12-19 14:14:01,939 -             Leaving eval_elem_mapping
2022-12-19 14:14:01,939 -             Entering read
2022-12-19 14:14:01,939 -                 Entering validate_path
2022-12-19 14:14:01,939 -                 Leaving validate_path
2022-12-19 14:14:01,942 - Zhuoran Ma records <3331> were read from </Users/zhuoranma/Downloads/fall2022py/data/zhuoranma_transform_output.csv>
2022-12-19 14:14:01,942 -             Leaving read
2022-12-19 14:14:01,942 -             Entering eval_elem_mapping
2022-12-19 14:14:01,942 -             Leaving eval_elem_mapping
2022-12-19 14:14:01,942 -         Leaving read_feature
2022-12-19 14:14:01,942 -         Entering eval_elem_mapping
2022-12-19 14:14:01,942 -         Leaving eval_elem_mapping
2022-12-19 14:14:01,942 -         Entering eval_elem_mapping
2022-12-19 14:14:01,942 -         Leaving eval_elem_mapping
2022-12-19 14:14:01,942 -         Entering eval_update_mapping
2022-12-19 14:14:01,942 -             Entering eval_elem_mapping
2022-12-19 14:14:01,942 -             Leaving eval_elem_mapping
2022-12-19 14:14:01,942 -         Leaving eval_update_mapping
2022-12-19 14:14:01,942 -         Entering aggregate_feature
2022-12-19 14:14:01,942 -             Entering eval_elem_mapping
2022-12-19 14:14:01,942 -             Leaving eval_elem_mapping
2022-12-19 14:14:01,942 -             Entering eval_elem_mapping
2022-12-19 14:14:01,942 -             Leaving eval_elem_mapping
2022-12-19 14:14:01,942 -             Entering eval_elem_mapping
2022-12-19 14:14:01,942 -             Leaving eval_elem_mapping
2022-12-19 14:14:01,942 -             Entering eval_elem_mapping
2022-12-19 14:14:01,942 -             Leaving eval_elem_mapping
2022-12-19 14:14:01,948 -         Leaving aggregate_feature
2022-12-19 14:14:01,948 -         Entering eval_elem_mapping
2022-12-19 14:14:01,948 -         Leaving eval_elem_mapping
2022-12-19 14:14:01,948 -         Entering eval_elem_mapping
2022-12-19 14:14:01,948 -         Leaving eval_elem_mapping
2022-12-19 14:14:01,948 -         Entering eval_update_mapping
2022-12-19 14:14:01,948 -             Entering eval_elem_mapping
2022-12-19 14:14:01,948 -             Leaving eval_elem_mapping
2022-12-19 14:14:01,948 -         Leaving eval_update_mapping
2022-12-19 14:14:01,948 -         Entering write_feature
2022-12-19 14:14:01,948 -             Entering rearrange_feature
2022-12-19 14:14:01,948 -                 Entering eval_elem_mapping
2022-12-19 14:14:01,948 -                 Leaving eval_elem_mapping
2022-12-19 14:14:01,948 -                 Entering eval_elem_mapping
2022-12-19 14:14:01,948 -                 Leaving eval_elem_mapping
2022-12-19 14:14:01,949 -             Leaving rearrange_feature
2022-12-19 14:14:01,949 -             Entering eval_elem_mapping
2022-12-19 14:14:01,949 -             Leaving eval_elem_mapping
2022-12-19 14:14:01,949 -             Entering eval_elem_mapping
2022-12-19 14:14:01,949 -             Leaving eval_elem_mapping
2022-12-19 14:14:01,949 -             Entering eval_elem_mapping
2022-12-19 14:14:01,949 -             Leaving eval_elem_mapping
2022-12-19 14:14:01,949 -             Entering eval_elem_mapping
2022-12-19 14:14:01,949 -             Leaving eval_elem_mapping
2022-12-19 14:14:01,949 -             Entering eval_elem_mapping
2022-12-19 14:14:01,949 -             Leaving eval_elem_mapping
2022-12-19 14:14:01,949 -             Entering eval_elem_mapping
2022-12-19 14:14:01,949 -             Leaving eval_elem_mapping
2022-12-19 14:14:01,949 -             Entering eval_elem_mapping
2022-12-19 14:14:01,949 -             Leaving eval_elem_mapping
2022-12-19 14:14:01,949 -             Entering eval_elem_mapping
2022-12-19 14:14:01,949 -             Leaving eval_elem_mapping
2022-12-19 14:14:01,949 -             Entering write
2022-12-19 14:14:01,949 -                 Entering validate_path
2022-12-19 14:14:01,949 -                 Leaving validate_path
2022-12-19 14:14:01,949 -                 Entering path_new_mode
2022-12-19 14:14:01,949 -                 Leaving path_new_mode
2022-12-19 14:14:01,952 - Zhuoran Ma records <45> were write to </Users/zhuoranma/Downloads/fall2022py/data/zhuoranma_transform_pivot_output_1.csv>
2022-12-19 14:14:01,952 -             Leaving write
2022-12-19 14:14:01,952 -         Leaving write_feature
2022-12-19 14:14:01,952 -     Leaving run_transformation
2022-12-19 14:14:01,953 - Leaving EtlData utility
2022-12-19 14:27:31,612 - 
2022-12-19 14:27:31,612 - Entering EtlData utility
2022-12-19 14:27:31,612 -     Entering convert_namespace_to_dict
2022-12-19 14:27:31,612 -         Entering convert_namespace_to_dict
2022-12-19 14:27:31,612 -         Leaving convert_namespace_to_dict
2022-12-19 14:27:31,612 -         Entering convert_namespace_to_dict
2022-12-19 14:27:31,612 -         Leaving convert_namespace_to_dict
2022-12-19 14:27:31,612 -         Entering convert_namespace_to_dict
2022-12-19 14:27:31,612 -         Leaving convert_namespace_to_dict
2022-12-19 14:27:31,612 -         Entering convert_namespace_to_dict
2022-12-19 14:27:31,612 -         Leaving convert_namespace_to_dict
2022-12-19 14:27:31,612 -         Entering convert_namespace_to_dict
2022-12-19 14:27:31,612 -         Leaving convert_namespace_to_dict
2022-12-19 14:27:31,612 -     Leaving convert_namespace_to_dict
2022-12-19 14:27:31,612 -     Entering convert_namespace_to_dict
2022-12-19 14:27:31,612 -         Entering convert_namespace_to_dict
2022-12-19 14:27:31,612 -         Leaving convert_namespace_to_dict
2022-12-19 14:27:31,612 -         Entering convert_namespace_to_dict
2022-12-19 14:27:31,613 -             Entering convert_namespace_to_dict
2022-12-19 14:27:31,613 -                 Entering convert_namespace_to_dict
2022-12-19 14:27:31,613 -                 Leaving convert_namespace_to_dict
2022-12-19 14:27:31,613 -                 Entering convert_namespace_to_dict
2022-12-19 14:27:31,613 -                 Leaving convert_namespace_to_dict
2022-12-19 14:27:31,613 -             Leaving convert_namespace_to_dict
2022-12-19 14:27:31,613 -             Entering convert_namespace_to_dict
2022-12-19 14:27:31,613 -             Leaving convert_namespace_to_dict
2022-12-19 14:27:31,613 -         Leaving convert_namespace_to_dict
2022-12-19 14:27:31,613 -         Entering convert_namespace_to_dict
2022-12-19 14:27:31,613 -             Entering convert_namespace_to_dict
2022-12-19 14:27:31,613 -                 Entering convert_namespace_to_dict
2022-12-19 14:27:31,613 -                 Leaving convert_namespace_to_dict
2022-12-19 14:27:31,613 -                 Entering convert_namespace_to_dict
2022-12-19 14:27:31,613 -                 Leaving convert_namespace_to_dict
2022-12-19 14:27:31,613 -                 Entering convert_namespace_to_dict
2022-12-19 14:27:31,613 -                 Leaving convert_namespace_to_dict
2022-12-19 14:27:31,613 -                 Entering convert_namespace_to_dict
2022-12-19 14:27:31,613 -                 Leaving convert_namespace_to_dict
2022-12-19 14:27:31,613 -                 Entering convert_namespace_to_dict
2022-12-19 14:27:31,613 -                 Leaving convert_namespace_to_dict
2022-12-19 14:27:31,613 -                 Entering convert_namespace_to_dict
2022-12-19 14:27:31,613 -                 Leaving convert_namespace_to_dict
2022-12-19 14:27:31,613 -                 Entering convert_namespace_to_dict
2022-12-19 14:27:31,613 -                 Leaving convert_namespace_to_dict
2022-12-19 14:27:31,613 -             Leaving convert_namespace_to_dict
2022-12-19 14:27:31,613 -         Leaving convert_namespace_to_dict
2022-12-19 14:27:31,613 -         Entering convert_namespace_to_dict
2022-12-19 14:27:31,613 -             Entering convert_namespace_to_dict
2022-12-19 14:27:31,613 -                 Entering convert_namespace_to_dict
2022-12-19 14:27:31,613 -                 Leaving convert_namespace_to_dict
2022-12-19 14:27:31,613 -                 Entering convert_namespace_to_dict
2022-12-19 14:27:31,613 -                 Leaving convert_namespace_to_dict
2022-12-19 14:27:31,613 -                 Entering convert_namespace_to_dict
2022-12-19 14:27:31,613 -                     Entering convert_namespace_to_dict
2022-12-19 14:27:31,613 -                     Leaving convert_namespace_to_dict
2022-12-19 14:27:31,613 -                 Leaving convert_namespace_to_dict
2022-12-19 14:27:31,613 -             Leaving convert_namespace_to_dict
2022-12-19 14:27:31,613 -             Entering convert_namespace_to_dict
2022-12-19 14:27:31,613 -             Leaving convert_namespace_to_dict
2022-12-19 14:27:31,613 -         Leaving convert_namespace_to_dict
2022-12-19 14:27:31,613 -     Leaving convert_namespace_to_dict
2022-12-19 14:27:31,613 -     Entering run_transformation
2022-12-19 14:27:31,613 -         Entering eval_elem_mapping
2022-12-19 14:27:31,613 -         Leaving eval_elem_mapping
2022-12-19 14:27:31,613 -         Entering eval_elem_mapping
2022-12-19 14:27:31,613 -         Leaving eval_elem_mapping
2022-12-19 14:27:31,613 -         Entering eval_update_mapping
2022-12-19 14:27:31,613 -             Entering eval_elem_mapping
2022-12-19 14:27:31,613 -             Leaving eval_elem_mapping
2022-12-19 14:27:31,613 -         Leaving eval_update_mapping
2022-12-19 14:27:31,613 -         Entering read_feature
2022-12-19 14:27:31,613 -             Entering eval_elem_mapping
2022-12-19 14:27:31,613 -             Leaving eval_elem_mapping
2022-12-19 14:27:31,613 -             Entering eval_elem_mapping
2022-12-19 14:27:31,613 -             Leaving eval_elem_mapping
2022-12-19 14:27:31,613 -             Entering eval_elem_mapping
2022-12-19 14:27:31,613 -             Leaving eval_elem_mapping
2022-12-19 14:27:31,613 -             Entering eval_elem_mapping
2022-12-19 14:27:31,613 -             Leaving eval_elem_mapping
2022-12-19 14:27:31,613 -             Entering eval_elem_mapping
2022-12-19 14:27:31,613 -             Leaving eval_elem_mapping
2022-12-19 14:27:31,613 -             Entering eval_elem_mapping
2022-12-19 14:27:31,613 -             Leaving eval_elem_mapping
2022-12-19 14:27:31,613 -             Entering eval_elem_mapping
2022-12-19 14:27:31,613 -             Leaving eval_elem_mapping
2022-12-19 14:27:31,613 -             Entering read
2022-12-19 14:27:31,613 -                 Entering validate_path
2022-12-19 14:27:31,613 -                 Leaving validate_path
2022-12-19 14:27:31,617 - Zhuoran Ma records <3331> were read from </Users/zhuoranma/Downloads/fall2022py/data/zhuoranma_transform_output.csv>
2022-12-19 14:27:31,617 -             Leaving read
2022-12-19 14:27:31,617 -             Entering eval_elem_mapping
2022-12-19 14:27:31,617 -             Leaving eval_elem_mapping
2022-12-19 14:27:31,617 -         Leaving read_feature
2022-12-19 14:27:31,617 -         Entering eval_elem_mapping
2022-12-19 14:27:31,617 -         Leaving eval_elem_mapping
2022-12-19 14:27:31,617 -         Entering eval_elem_mapping
2022-12-19 14:27:31,617 -         Leaving eval_elem_mapping
2022-12-19 14:27:31,617 -         Entering eval_update_mapping
2022-12-19 14:27:31,617 -             Entering eval_elem_mapping
2022-12-19 14:27:31,617 -             Leaving eval_elem_mapping
2022-12-19 14:27:31,617 -         Leaving eval_update_mapping
2022-12-19 14:27:31,617 -         Entering aggregate_feature
2022-12-19 14:27:31,617 -             Entering eval_elem_mapping
2022-12-19 14:27:31,617 -             Leaving eval_elem_mapping
2022-12-19 14:27:31,617 -             Entering eval_elem_mapping
2022-12-19 14:27:31,617 -             Leaving eval_elem_mapping
2022-12-19 14:27:31,617 -             Entering eval_elem_mapping
2022-12-19 14:27:31,617 -             Leaving eval_elem_mapping
2022-12-19 14:27:31,617 -             Entering eval_elem_mapping
2022-12-19 14:27:31,618 -             Leaving eval_elem_mapping
2022-12-19 14:27:31,623 -         Leaving aggregate_feature
2022-12-19 14:27:31,623 -         Entering eval_elem_mapping
2022-12-19 14:27:31,623 -         Leaving eval_elem_mapping
2022-12-19 14:27:31,623 -         Entering eval_elem_mapping
2022-12-19 14:27:31,623 -         Leaving eval_elem_mapping
2022-12-19 14:27:31,623 -         Entering eval_update_mapping
2022-12-19 14:27:31,623 -             Entering eval_elem_mapping
2022-12-19 14:27:31,623 -             Leaving eval_elem_mapping
2022-12-19 14:27:31,623 -         Leaving eval_update_mapping
2022-12-19 14:27:31,623 -         Entering write_feature
2022-12-19 14:27:31,623 -             Entering rearrange_feature
2022-12-19 14:27:31,623 -                 Entering eval_elem_mapping
2022-12-19 14:27:31,623 -                 Leaving eval_elem_mapping
2022-12-19 14:27:31,623 -                 Entering eval_elem_mapping
2022-12-19 14:27:31,623 -                 Leaving eval_elem_mapping
2022-12-19 14:27:31,624 -             Leaving rearrange_feature
2022-12-19 14:27:31,624 -             Entering eval_elem_mapping
2022-12-19 14:27:31,624 -             Leaving eval_elem_mapping
2022-12-19 14:27:31,624 -             Entering eval_elem_mapping
2022-12-19 14:27:31,624 -             Leaving eval_elem_mapping
2022-12-19 14:27:31,624 -             Entering eval_elem_mapping
2022-12-19 14:27:31,624 -             Leaving eval_elem_mapping
2022-12-19 14:27:31,624 -             Entering eval_elem_mapping
2022-12-19 14:27:31,624 -             Leaving eval_elem_mapping
2022-12-19 14:27:31,624 -             Entering eval_elem_mapping
2022-12-19 14:27:31,624 -             Leaving eval_elem_mapping
2022-12-19 14:27:31,624 -             Entering eval_elem_mapping
2022-12-19 14:27:31,624 -             Leaving eval_elem_mapping
2022-12-19 14:27:31,624 -             Entering eval_elem_mapping
2022-12-19 14:27:31,624 -             Leaving eval_elem_mapping
2022-12-19 14:27:31,624 -             Entering eval_elem_mapping
2022-12-19 14:27:31,624 -             Leaving eval_elem_mapping
2022-12-19 14:27:31,624 -             Entering write
2022-12-19 14:27:31,624 -                 Entering validate_path
2022-12-19 14:27:31,624 -                 Leaving validate_path
2022-12-19 14:27:31,624 -                 Entering path_new_mode
2022-12-19 14:27:31,624 -                 Leaving path_new_mode
2022-12-19 14:27:31,627 - Zhuoran Ma records <45> were write to </Users/zhuoranma/Downloads/fall2022py/data/zhuoranma_transform_pivot_output_2.csv>
2022-12-19 14:27:31,627 -             Leaving write
2022-12-19 14:27:31,627 -         Leaving write_feature
2022-12-19 14:27:31,627 -     Leaving run_transformation
2022-12-19 14:27:31,627 - Leaving EtlData utility
2022-12-20 07:44:46,446 - 
2022-12-20 07:44:46,446 - Entering EtlData utility
2022-12-20 07:44:46,446 -     Entering convert_namespace_to_dict
2022-12-20 07:44:46,446 -         Entering convert_namespace_to_dict
2022-12-20 07:44:46,446 -         Leaving convert_namespace_to_dict
2022-12-20 07:44:46,446 -         Entering convert_namespace_to_dict
2022-12-20 07:44:46,446 -         Leaving convert_namespace_to_dict
2022-12-20 07:44:46,446 -         Entering convert_namespace_to_dict
2022-12-20 07:44:46,446 -         Leaving convert_namespace_to_dict
2022-12-20 07:44:46,446 -         Entering convert_namespace_to_dict
2022-12-20 07:44:46,446 -         Leaving convert_namespace_to_dict
2022-12-20 07:44:46,446 -         Entering convert_namespace_to_dict
2022-12-20 07:44:46,446 -         Leaving convert_namespace_to_dict
2022-12-20 07:44:46,446 -     Leaving convert_namespace_to_dict
2022-12-20 07:44:46,446 -     Entering convert_namespace_to_dict
2022-12-20 07:44:46,446 -         Entering convert_namespace_to_dict
2022-12-20 07:44:46,446 -         Leaving convert_namespace_to_dict
2022-12-20 07:44:46,446 -         Entering convert_namespace_to_dict
2022-12-20 07:44:46,446 -             Entering convert_namespace_to_dict
2022-12-20 07:44:46,446 -                 Entering convert_namespace_to_dict
2022-12-20 07:44:46,446 -                 Leaving convert_namespace_to_dict
2022-12-20 07:44:46,446 -                 Entering convert_namespace_to_dict
2022-12-20 07:44:46,446 -                 Leaving convert_namespace_to_dict
2022-12-20 07:44:46,446 -             Leaving convert_namespace_to_dict
2022-12-20 07:44:46,446 -             Entering convert_namespace_to_dict
2022-12-20 07:44:46,446 -             Leaving convert_namespace_to_dict
2022-12-20 07:44:46,446 -         Leaving convert_namespace_to_dict
2022-12-20 07:44:46,446 -         Entering convert_namespace_to_dict
2022-12-20 07:44:46,446 -             Entering convert_namespace_to_dict
2022-12-20 07:44:46,446 -                 Entering convert_namespace_to_dict
2022-12-20 07:44:46,446 -                 Leaving convert_namespace_to_dict
2022-12-20 07:44:46,446 -                 Entering convert_namespace_to_dict
2022-12-20 07:44:46,446 -                 Leaving convert_namespace_to_dict
2022-12-20 07:44:46,446 -                 Entering convert_namespace_to_dict
2022-12-20 07:44:46,446 -                 Leaving convert_namespace_to_dict
2022-12-20 07:44:46,446 -                 Entering convert_namespace_to_dict
2022-12-20 07:44:46,446 -                 Leaving convert_namespace_to_dict
2022-12-20 07:44:46,446 -                 Entering convert_namespace_to_dict
2022-12-20 07:44:46,446 -                 Leaving convert_namespace_to_dict
2022-12-20 07:44:46,446 -                 Entering convert_namespace_to_dict
2022-12-20 07:44:46,446 -                 Leaving convert_namespace_to_dict
2022-12-20 07:44:46,446 -                 Entering convert_namespace_to_dict
2022-12-20 07:44:46,446 -                 Leaving convert_namespace_to_dict
2022-12-20 07:44:46,446 -             Leaving convert_namespace_to_dict
2022-12-20 07:44:46,446 -         Leaving convert_namespace_to_dict
2022-12-20 07:44:46,446 -         Entering convert_namespace_to_dict
2022-12-20 07:44:46,446 -             Entering convert_namespace_to_dict
2022-12-20 07:44:46,446 -                 Entering convert_namespace_to_dict
2022-12-20 07:44:46,446 -                 Leaving convert_namespace_to_dict
2022-12-20 07:44:46,446 -                 Entering convert_namespace_to_dict
2022-12-20 07:44:46,446 -                 Leaving convert_namespace_to_dict
2022-12-20 07:44:46,446 -                 Entering convert_namespace_to_dict
2022-12-20 07:44:46,447 -                     Entering convert_namespace_to_dict
2022-12-20 07:44:46,447 -                     Leaving convert_namespace_to_dict
2022-12-20 07:44:46,447 -                 Leaving convert_namespace_to_dict
2022-12-20 07:44:46,447 -                 Entering convert_namespace_to_dict
2022-12-20 07:44:46,447 -                 Leaving convert_namespace_to_dict
2022-12-20 07:44:46,447 -             Leaving convert_namespace_to_dict
2022-12-20 07:44:46,447 -             Entering convert_namespace_to_dict
2022-12-20 07:44:46,447 -             Leaving convert_namespace_to_dict
2022-12-20 07:44:46,447 -         Leaving convert_namespace_to_dict
2022-12-20 07:44:46,447 -     Leaving convert_namespace_to_dict
2022-12-20 07:44:46,447 -     Entering run_transformation
2022-12-20 07:44:46,447 -         Entering eval_elem_mapping
2022-12-20 07:44:46,447 -         Leaving eval_elem_mapping
2022-12-20 07:44:46,447 -         Entering eval_elem_mapping
2022-12-20 07:44:46,447 -         Leaving eval_elem_mapping
2022-12-20 07:44:46,447 -         Entering eval_update_mapping
2022-12-20 07:44:46,447 -             Entering eval_elem_mapping
2022-12-20 07:44:46,447 -             Leaving eval_elem_mapping
2022-12-20 07:44:46,447 -         Leaving eval_update_mapping
2022-12-20 07:44:46,447 -         Entering read_feature
2022-12-20 07:44:46,447 -             Entering eval_elem_mapping
2022-12-20 07:44:46,447 -             Leaving eval_elem_mapping
2022-12-20 07:44:46,447 -             Entering eval_elem_mapping
2022-12-20 07:44:46,447 -             Leaving eval_elem_mapping
2022-12-20 07:44:46,447 -             Entering eval_elem_mapping
2022-12-20 07:44:46,447 -             Leaving eval_elem_mapping
2022-12-20 07:44:46,447 -             Entering eval_elem_mapping
2022-12-20 07:44:46,447 -             Leaving eval_elem_mapping
2022-12-20 07:44:46,447 -             Entering eval_elem_mapping
2022-12-20 07:44:46,447 -             Leaving eval_elem_mapping
2022-12-20 07:44:46,447 -             Entering eval_elem_mapping
2022-12-20 07:44:46,447 -             Leaving eval_elem_mapping
2022-12-20 07:44:46,447 -             Entering eval_elem_mapping
2022-12-20 07:44:46,447 -             Leaving eval_elem_mapping
2022-12-20 07:44:46,447 -             Entering read
2022-12-20 07:44:46,447 -                 Entering validate_path
2022-12-20 07:44:46,447 -                 Leaving validate_path
2022-12-20 07:44:46,611 - Zhuoran Ma records <421570> were read from </Users/zhuoranma/Downloads/fall2022py/data/zhuoranma_extraction_output.csv>
2022-12-20 07:44:46,612 -             Leaving read
2022-12-20 07:44:46,612 -             Entering eval_elem_mapping
2022-12-20 07:44:46,612 -             Leaving eval_elem_mapping
2022-12-20 07:44:46,612 -         Leaving read_feature
2022-12-20 07:44:46,612 -         Entering eval_elem_mapping
2022-12-20 07:44:46,612 -         Leaving eval_elem_mapping
2022-12-20 07:44:46,612 -         Entering eval_elem_mapping
2022-12-20 07:44:46,612 -         Leaving eval_elem_mapping
2022-12-20 07:44:46,612 -         Entering eval_update_mapping
2022-12-20 07:44:46,612 -             Entering eval_elem_mapping
2022-12-20 07:44:46,612 -             Leaving eval_elem_mapping
2022-12-20 07:44:46,612 -         Leaving eval_update_mapping
2022-12-20 07:44:46,612 -         Entering aggregate_feature
2022-12-20 07:44:46,612 -             Entering eval_elem_mapping
2022-12-20 07:44:46,612 -             Leaving eval_elem_mapping
2022-12-20 07:44:46,612 -             Entering eval_elem_mapping
2022-12-20 07:44:46,612 -             Leaving eval_elem_mapping
2022-12-20 07:44:46,612 -             Entering eval_elem_mapping
2022-12-20 07:44:46,612 -             Leaving eval_elem_mapping
2022-12-20 07:44:46,612 -             Entering eval_elem_mapping
2022-12-20 07:44:46,612 -             Leaving eval_elem_mapping
2022-12-20 07:44:47,072 -         Leaving aggregate_feature
2022-12-20 07:44:47,077 -         Entering eval_elem_mapping
2022-12-20 07:44:47,077 -         Leaving eval_elem_mapping
2022-12-20 07:44:47,077 -         Entering eval_elem_mapping
2022-12-20 07:44:47,077 -         Leaving eval_elem_mapping
2022-12-20 07:44:47,077 -         Entering eval_update_mapping
2022-12-20 07:44:47,077 -             Entering eval_elem_mapping
2022-12-20 07:44:47,077 -             Leaving eval_elem_mapping
2022-12-20 07:44:47,077 -         Leaving eval_update_mapping
2022-12-20 07:44:47,077 -         Entering write_feature
2022-12-20 07:44:47,077 -             Entering rearrange_feature
2022-12-20 07:44:47,077 -                 Entering eval_elem_mapping
2022-12-20 07:44:47,077 -                 Leaving eval_elem_mapping
2022-12-20 07:44:47,078 -                 Entering eval_elem_mapping
2022-12-20 07:44:47,078 -                 Leaving eval_elem_mapping
2022-12-20 07:44:47,078 -             Leaving rearrange_feature
2022-12-20 07:44:47,078 -             Entering eval_elem_mapping
2022-12-20 07:44:47,078 -             Leaving eval_elem_mapping
2022-12-20 07:44:47,078 -             Entering eval_elem_mapping
2022-12-20 07:44:47,078 -             Leaving eval_elem_mapping
2022-12-20 07:44:47,078 -             Entering eval_elem_mapping
2022-12-20 07:44:47,078 -             Leaving eval_elem_mapping
2022-12-20 07:44:47,078 -             Entering eval_elem_mapping
2022-12-20 07:44:47,078 -             Leaving eval_elem_mapping
2022-12-20 07:44:47,078 -             Entering eval_elem_mapping
2022-12-20 07:44:47,078 -             Leaving eval_elem_mapping
2022-12-20 07:44:47,078 -             Entering eval_elem_mapping
2022-12-20 07:44:47,078 -             Leaving eval_elem_mapping
2022-12-20 07:44:47,078 -             Entering eval_elem_mapping
2022-12-20 07:44:47,078 -             Leaving eval_elem_mapping
2022-12-20 07:44:47,078 -             Entering eval_elem_mapping
2022-12-20 07:44:47,078 -             Leaving eval_elem_mapping
2022-12-20 07:44:47,078 -             Entering write
2022-12-20 07:44:47,078 -                 Entering validate_path
2022-12-20 07:44:47,078 -                 Leaving validate_path
2022-12-20 07:44:47,078 -                 Entering path_new_mode
2022-12-20 07:44:47,078 -                 Leaving path_new_mode
2022-12-20 07:44:47,085 - Zhuoran Ma records <3331> were write to </Users/zhuoranma/Downloads/fall2022py/data/zhuoranma_transform_output_1.csv>
2022-12-20 07:44:47,085 -             Leaving write
2022-12-20 07:44:47,085 -         Leaving write_feature
2022-12-20 07:44:47,085 -     Leaving run_transformation
2022-12-20 07:44:47,086 - Leaving EtlData utility
2022-12-20 07:45:34,099 - 
2022-12-20 07:45:34,100 - Entering EtlData utility
2022-12-20 07:45:34,100 - Leaving EtlData utility incomplete with errors
2022-12-20 07:46:22,469 - 
2022-12-20 07:46:22,469 - Entering EtlData utility
2022-12-20 07:46:22,469 -     Entering convert_namespace_to_dict
2022-12-20 07:46:22,469 -         Entering convert_namespace_to_dict
2022-12-20 07:46:22,469 -         Leaving convert_namespace_to_dict
2022-12-20 07:46:22,469 -         Entering convert_namespace_to_dict
2022-12-20 07:46:22,469 -         Leaving convert_namespace_to_dict
2022-12-20 07:46:22,469 -         Entering convert_namespace_to_dict
2022-12-20 07:46:22,469 -         Leaving convert_namespace_to_dict
2022-12-20 07:46:22,469 -         Entering convert_namespace_to_dict
2022-12-20 07:46:22,469 -         Leaving convert_namespace_to_dict
2022-12-20 07:46:22,469 -         Entering convert_namespace_to_dict
2022-12-20 07:46:22,469 -         Leaving convert_namespace_to_dict
2022-12-20 07:46:22,469 -     Leaving convert_namespace_to_dict
2022-12-20 07:46:22,469 -     Entering convert_namespace_to_dict
2022-12-20 07:46:22,469 -         Entering convert_namespace_to_dict
2022-12-20 07:46:22,469 -         Leaving convert_namespace_to_dict
2022-12-20 07:46:22,469 -         Entering convert_namespace_to_dict
2022-12-20 07:46:22,469 -             Entering convert_namespace_to_dict
2022-12-20 07:46:22,469 -                 Entering convert_namespace_to_dict
2022-12-20 07:46:22,469 -                 Leaving convert_namespace_to_dict
2022-12-20 07:46:22,469 -                 Entering convert_namespace_to_dict
2022-12-20 07:46:22,469 -                 Leaving convert_namespace_to_dict
2022-12-20 07:46:22,469 -             Leaving convert_namespace_to_dict
2022-12-20 07:46:22,469 -             Entering convert_namespace_to_dict
2022-12-20 07:46:22,469 -             Leaving convert_namespace_to_dict
2022-12-20 07:46:22,469 -         Leaving convert_namespace_to_dict
2022-12-20 07:46:22,470 -         Entering convert_namespace_to_dict
2022-12-20 07:46:22,470 -             Entering convert_namespace_to_dict
2022-12-20 07:46:22,470 -                 Entering convert_namespace_to_dict
2022-12-20 07:46:22,470 -                 Leaving convert_namespace_to_dict
2022-12-20 07:46:22,470 -                 Entering convert_namespace_to_dict
2022-12-20 07:46:22,470 -                 Leaving convert_namespace_to_dict
2022-12-20 07:46:22,470 -                 Entering convert_namespace_to_dict
2022-12-20 07:46:22,470 -                 Leaving convert_namespace_to_dict
2022-12-20 07:46:22,470 -                 Entering convert_namespace_to_dict
2022-12-20 07:46:22,470 -                 Leaving convert_namespace_to_dict
2022-12-20 07:46:22,470 -                 Entering convert_namespace_to_dict
2022-12-20 07:46:22,470 -                 Leaving convert_namespace_to_dict
2022-12-20 07:46:22,470 -                 Entering convert_namespace_to_dict
2022-12-20 07:46:22,470 -                 Leaving convert_namespace_to_dict
2022-12-20 07:46:22,470 -                 Entering convert_namespace_to_dict
2022-12-20 07:46:22,470 -                 Leaving convert_namespace_to_dict
2022-12-20 07:46:22,470 -             Leaving convert_namespace_to_dict
2022-12-20 07:46:22,470 -         Leaving convert_namespace_to_dict
2022-12-20 07:46:22,470 -         Entering convert_namespace_to_dict
2022-12-20 07:46:22,470 -             Entering convert_namespace_to_dict
2022-12-20 07:46:22,470 -                 Entering convert_namespace_to_dict
2022-12-20 07:46:22,470 -                 Leaving convert_namespace_to_dict
2022-12-20 07:46:22,470 -                 Entering convert_namespace_to_dict
2022-12-20 07:46:22,470 -                 Leaving convert_namespace_to_dict
2022-12-20 07:46:22,470 -                 Entering convert_namespace_to_dict
2022-12-20 07:46:22,470 -                     Entering convert_namespace_to_dict
2022-12-20 07:46:22,470 -                     Leaving convert_namespace_to_dict
2022-12-20 07:46:22,470 -                 Leaving convert_namespace_to_dict
2022-12-20 07:46:22,470 -                 Entering convert_namespace_to_dict
2022-12-20 07:46:22,470 -                 Leaving convert_namespace_to_dict
2022-12-20 07:46:22,470 -             Leaving convert_namespace_to_dict
2022-12-20 07:46:22,470 -             Entering convert_namespace_to_dict
2022-12-20 07:46:22,470 -             Leaving convert_namespace_to_dict
2022-12-20 07:46:22,470 -         Leaving convert_namespace_to_dict
2022-12-20 07:46:22,470 -     Leaving convert_namespace_to_dict
2022-12-20 07:46:22,470 -     Entering run_transformation
2022-12-20 07:46:22,470 -         Entering eval_elem_mapping
2022-12-20 07:46:22,470 -         Leaving eval_elem_mapping
2022-12-20 07:46:22,470 -         Entering eval_elem_mapping
2022-12-20 07:46:22,470 -         Leaving eval_elem_mapping
2022-12-20 07:46:22,470 -         Entering eval_update_mapping
2022-12-20 07:46:22,470 -             Entering eval_elem_mapping
2022-12-20 07:46:22,470 -             Leaving eval_elem_mapping
2022-12-20 07:46:22,470 -         Leaving eval_update_mapping
2022-12-20 07:46:22,470 -         Entering read_feature
2022-12-20 07:46:22,470 -             Entering eval_elem_mapping
2022-12-20 07:46:22,470 -             Leaving eval_elem_mapping
2022-12-20 07:46:22,470 -             Entering eval_elem_mapping
2022-12-20 07:46:22,470 -             Leaving eval_elem_mapping
2022-12-20 07:46:22,470 -             Entering eval_elem_mapping
2022-12-20 07:46:22,470 -             Leaving eval_elem_mapping
2022-12-20 07:46:22,470 -             Entering eval_elem_mapping
2022-12-20 07:46:22,470 -             Leaving eval_elem_mapping
2022-12-20 07:46:22,470 -             Entering eval_elem_mapping
2022-12-20 07:46:22,470 -             Leaving eval_elem_mapping
2022-12-20 07:46:22,470 -             Entering eval_elem_mapping
2022-12-20 07:46:22,470 -             Leaving eval_elem_mapping
2022-12-20 07:46:22,470 -             Entering eval_elem_mapping
2022-12-20 07:46:22,470 -             Leaving eval_elem_mapping
2022-12-20 07:46:22,470 -             Entering read
2022-12-20 07:46:22,470 -                 Entering validate_path
2022-12-20 07:46:22,470 -                 Leaving validate_path
2022-12-20 07:46:22,641 - Zhuoran Ma records <421570> were read from </Users/zhuoranma/Downloads/fall2022py/data/zhuoranma_extraction_output.csv>
2022-12-20 07:46:22,641 -             Leaving read
2022-12-20 07:46:22,641 -             Entering eval_elem_mapping
2022-12-20 07:46:22,641 -             Leaving eval_elem_mapping
2022-12-20 07:46:22,641 -         Leaving read_feature
2022-12-20 07:46:22,641 -         Entering eval_elem_mapping
2022-12-20 07:46:22,641 -         Leaving eval_elem_mapping
2022-12-20 07:46:22,642 -         Entering eval_elem_mapping
2022-12-20 07:46:22,642 -         Leaving eval_elem_mapping
2022-12-20 07:46:22,642 -         Entering eval_update_mapping
2022-12-20 07:46:22,642 -             Entering eval_elem_mapping
2022-12-20 07:46:22,642 -             Leaving eval_elem_mapping
2022-12-20 07:46:22,642 -         Leaving eval_update_mapping
2022-12-20 07:46:22,642 -         Entering aggregate_feature
2022-12-20 07:46:22,642 -             Entering eval_elem_mapping
2022-12-20 07:46:22,642 -             Leaving eval_elem_mapping
2022-12-20 07:46:22,642 -             Entering eval_elem_mapping
2022-12-20 07:46:22,642 -             Leaving eval_elem_mapping
2022-12-20 07:46:22,642 -             Entering eval_elem_mapping
2022-12-20 07:46:22,642 -             Leaving eval_elem_mapping
2022-12-20 07:46:22,642 -             Entering eval_elem_mapping
2022-12-20 07:46:22,642 -             Leaving eval_elem_mapping
2022-12-20 07:46:23,105 -         Leaving aggregate_feature
2022-12-20 07:46:23,110 -         Entering eval_elem_mapping
2022-12-20 07:46:23,110 -         Leaving eval_elem_mapping
2022-12-20 07:46:23,110 -         Entering eval_elem_mapping
2022-12-20 07:46:23,110 -         Leaving eval_elem_mapping
2022-12-20 07:46:23,110 -         Entering eval_update_mapping
2022-12-20 07:46:23,110 -             Entering eval_elem_mapping
2022-12-20 07:46:23,110 -             Leaving eval_elem_mapping
2022-12-20 07:46:23,110 -         Leaving eval_update_mapping
2022-12-20 07:46:23,110 -         Entering write_feature
2022-12-20 07:46:23,110 -             Entering rearrange_feature
2022-12-20 07:46:23,110 -                 Entering eval_elem_mapping
2022-12-20 07:46:23,110 -                 Leaving eval_elem_mapping
2022-12-20 07:46:23,110 -                 Entering eval_elem_mapping
2022-12-20 07:46:23,110 -                 Leaving eval_elem_mapping
2022-12-20 07:46:23,111 -             Leaving rearrange_feature
2022-12-20 07:46:23,111 -             Entering eval_elem_mapping
2022-12-20 07:46:23,111 -             Leaving eval_elem_mapping
2022-12-20 07:46:23,111 -             Entering eval_elem_mapping
2022-12-20 07:46:23,111 -             Leaving eval_elem_mapping
2022-12-20 07:46:23,111 -             Entering eval_elem_mapping
2022-12-20 07:46:23,111 -             Leaving eval_elem_mapping
2022-12-20 07:46:23,111 -             Entering eval_elem_mapping
2022-12-20 07:46:23,111 -             Leaving eval_elem_mapping
2022-12-20 07:46:23,111 -             Entering eval_elem_mapping
2022-12-20 07:46:23,111 -             Leaving eval_elem_mapping
2022-12-20 07:46:23,111 -             Entering eval_elem_mapping
2022-12-20 07:46:23,111 -             Leaving eval_elem_mapping
2022-12-20 07:46:23,111 -             Entering eval_elem_mapping
2022-12-20 07:46:23,111 -             Leaving eval_elem_mapping
2022-12-20 07:46:23,111 -             Entering eval_elem_mapping
2022-12-20 07:46:23,111 -             Leaving eval_elem_mapping
2022-12-20 07:46:23,111 -             Entering write
2022-12-20 07:46:23,111 -                 Entering validate_path
2022-12-20 07:46:23,111 -                 Leaving validate_path
2022-12-20 07:46:23,111 -                 Entering path_new_mode
2022-12-20 07:46:23,111 -                 Leaving path_new_mode
2022-12-20 07:46:23,117 - Zhuoran Ma records <3331> were write to </Users/zhuoranma/Downloads/fall2022py/data/zhuoranma_transform_output_2.csv>
2022-12-20 07:46:23,117 -             Leaving write
2022-12-20 07:46:23,117 -         Leaving write_feature
2022-12-20 07:46:23,117 -     Leaving run_transformation
2022-12-20 07:46:23,117 - Leaving EtlData utility
